No handlers could be found for logger "kafka.consumer.kafka"
30
500,00-13-a2-00-40-a1-ee-d3,2,128,87,76,0,43,0,39,16,38,0,27,0,27,0,27,25,19,0,0,0,30,0,0,0,19,0,19,0,16,0,19,19,27,0,8,0,0,8,0,0,8,0,0,0,8,8,8,0,8,0,0,0,19,8,0,0,0,0,0,0,8,8,8,8,8
60
200,00-13-a2-00-40-a1-f1-43,1,128,16,39,0,16,0,19,0,35,0,0,0,24,0,27,0,30,0,19,0,0,0,0,0,19,0,0,0,8,0,19,0,19,0,0,0,0,0,0,0,0,0,0,0,8,0,8,0,0,0,8,0,0,0,0,0,8,0,0,0,0,0,8,0,8
90
200,00-13-a2-00-40-a1-f1-43,2,128,93,80,35,35,0,19,16,32,0,0,27,25,0,27,27,27,0,8,19,16,0,19,0,16,0,0,0,0,0,19,19,8,0,0,0,8,0,0,0,8,0,0,19,16,0,8,8,8,0,0,19,8,0,8,0,0,0,0,8,0,0,8,8,8
120
500,00-13-a2-00-40-a1-ee-d3,1,128,0,43,24,16,0,33,24,32,0,24,24,27,0,27,30,27,0,0,19,0,0,16,19,16,0,19,19,19,0,19,19,19,0,8,8,0,0,8,8,8,0,8,8,8,0,8,8,8,0,0,8,0,0,0,8,0,0,0,8,8,0,8,8,8
150
500,00-13-a2-00-40-a1-ee-d3,2,128,90,78,16,35,19,30,25,38,0,19,8,25,16,16,25,33,0,0,0,16,0,19,16,19,0,19,0,0,0,8,19,24,0,8,0,8,16,0,0,8,0,0,0,0,0,0,0,8,0,0,0,8,0,8,8,8,0,8,0,8,0,0,8,0
180
200,00-13-a2-00-40-a1-f1-43,0,128,16,39,0,16,0,19,0,35,0,0,0,24,0,27,0,30,0,19,0,0,0,0,0,19,0,0,0,8,0,19,0,19,0,0,0,0,0,0,0,0,0,0,0,8,0,8,0,0,0,8,0,0,0,0,0,8,0,0,0,0,0,8,0,8
210
1000,00-13-a2-00-40-98-98-4f,0,128,0,39,0,39,0,35,0,33,0,0,0,27,0,27,0,27,0,19,0,30,0,19,0,19,0,0,0,19,0,19,0,19,0,0,0,0,0,19,0,19,0,0,0,8,0,8,0,8,0,8,0,8,0,8,0,8,0,0,0,8,0,8,0,8
240
500,00-13-a2-00-40-a1-ee-d3,0,128,0,39,0,39,0,35,0,33,0,0,0,27,0,27,0,27,0,19,0,30,0,19,0,19,0,0,0,19,0,19,0,19,0,0,0,0,0,19,0,19,0,0,0,8,0,8,0,8,0,8,0,8,0,8,0,8,0,0,0,8,0,8,0,8
270
1000,00-13-a2-00-40-98-98-4f,0,128,16,37,39,32,19,25,16,33,16,24,19,16,19,16,24,27,0,19,19,19,19,0,19,19,19,19,0,19,19,19,19,19,0,0,0,0,8,8,0,19,0,8,8,0,8,0,19,8,0,8,8,8,8,8,8,8,8,0,0,8,8,8,8,8
300
500,00-13-a2-00-40-a1-ee-d3,0,128,0,35,16,39,0,35,35,33,0,16,0,27,0,27,27,27,0,0,0,30,0,0,24,19,0,19,0,19,0,19,19,19,0,0,0,0,0,0,8,19,0,0,0,8,0,8,8,8,0,8,0,8,0,8,8,8,0,8,0,8,0,8,8,8
330
500,00-13-a2-00-40-a1-ee-d3,1,128,0,39,0,39,0,19,0,33,0,0,0,0,0,27,0,27,0,19,0,19,0,0,0,19,0,0,0,0,0,19,0,19,0,0,0,0,0,0,0,19,0,0,0,0,0,8,0,8,0,8,0,8,0,0,0,8,0,0,0,0,0,8,0,8
360
500,00-13-a2-00-40-a1-ee-d3,2,128,92,80,16,30,35,30,30,27,16,35,16,30,16,19,27,24,0,8,0,19,19,8,30,19,19,19,16,19,19,24,19,19,0,8,0,0,8,0,0,8,0,0,0,0,0,8,8,8,0,0,8,8,0,0,8,19,8,8,0,8,8,0,0,0
390
200,00-13-a2-00-40-a1-f1-43,0,128,0,39,35,39,0,19,16,35,0,0,24,16,0,27,27,27,0,19,0,19,0,0,0,19,0,0,8,16,0,19,19,19,0,0,8,0,0,0,0,8,0,0,8,0,0,8,8,8,0,8,0,8,0,0,0,8,0,0,8,8,0,8,8,8
420
200,00-13-a2-00-40-a1-f1-43,1,128,16,43,30,16,0,35,30,35,0,24,30,27,0,27,30,27,0,0,19,8,0,19,19,24,0,19,19,19,0,8,19,19,0,8,0,0,0,19,0,8,0,8,0,8,0,8,0,8,0,0,8,0,0,8,8,8,0,0,8,8,0,0,8,8
450
500,00-13-a2-00-40-a1-ee-d3,0,128,0,39,0,30,16,32,0,33,0,0,0,27,27,27,0,27,0,19,0,16,0,16,0,19,0,0,0,19,19,19,0,19,0,0,0,0,0,8,0,19,0,0,0,8,8,8,0,8,0,8,0,8,0,8,0,8,0,0,0,8,8,8,0,8
480
200,00-13-a2-00-40-a1-f1-43,1,128,16,0,0,0,0,0,0,0,0,0,0,0,0,0,0,0,0,0,0,0,0,0,0,0,0,0,0,0,0,0,0,0,0,0,8,0,0,0,8,0,0,0,8,0,0,0,8,0,0,0,8,0,0,0,8,0,0,0,8,0,0,0,8,0
510
1000,00-13-a2-00-40-98-98-4f,1,128,53,43,0,35,16,24,0,30,0,16,0,27,27,24,0,19,0,19,0,0,0,19,0,19,0,19,0,19,19,19,0,16,0,8,8,8,0,0,8,0,0,8,8,8,8,0,8,8,0,8,8,0,0,0,8,8,0,8,8,8,8,0,8,0
540
200,00-13-a2-00-40-a1-f1-43,1,128,32,46,16,19,0,16,35,16,0,24,8,8,0,27,27,27,0,0,0,0,0,19,19,0,0,0,0,0,0,19,19,19,0,8,0,0,0,0,19,0,0,8,8,8,0,8,8,8,0,0,0,0,0,8,8,0,0,0,0,0,0,8,8,8
570
1000,00-13-a2-00-40-98-98-4f,1,128,48,38,24,27,0,35,24,27,0,8,0,16,0,16,24,27,0,8,16,8,0,19,16,19,0,8,0,19,0,19,16,19,0,0,0,0,0,19,0,8,0,0,0,0,0,8,0,8,0,0,8,0,0,8,8,19,0,0,0,8,0,8,8,8
600
1000,00-13-a2-00-40-98-98-4f,2,128,95,83,16,35,0,30,30,33,8,24,16,27,0,24,24,27,8,8,0,19,0,24,19,19,0,0,0,19,0,24,8,16,0,16,0,8,0,8,0,19,8,19,8,8,8,8,8,19,0,0,0,8,0,8,8,19,0,0,0,8,8,0,8,0
630
500,00-13-a2-00-40-a1-ee-d3,2,128,92,79,35,16,0,30,27,32,0,25,24,19,0,27,27,25,0,8,19,8,0,30,30,16,0,19,19,0,0,19,19,0,0,0,8,0,0,0,0,8,0,8,8,16,0,8,8,0,0,0,0,0,0,8,8,8,0,0,0,0,0,8,8,8
660
500,00-13-a2-00-40-a1-ee-d3,0,128,0,39,16,16,30,35,16,8,24,0,25,27,27,27,25,27,0,19,19,0,19,19,19,8,19,0,19,19,19,19,19,19,0,0,0,0,0,19,0,0,8,0,0,8,8,8,0,8,0,8,8,0,8,8,8,0,8,0,8,8,8,8,8,8
690
200,00-13-a2-00-40-a1-f1-43,1,128,0,39,0,39,0,35,0,33,0,0,0,27,0,27,0,27,0,19,0,30,0,19,0,19,0,0,0,19,0,19,0,19,0,0,0,0,0,19,0,19,0,0,0,8,0,8,0,8,0,8,0,8,0,8,0,8,0,0,0,8,0,8,0,8
720
200,00-13-a2-00-40-a1-f1-43,2,128,92,80,39,30,35,30,32,30,16,24,19,8,16,24,19,27,0,8,19,19,16,19,16,19,19,0,16,0,16,19,16,19,0,0,0,8,0,0,8,8,0,0,0,0,0,8,0,8,0,8,8,8,8,8,8,19,8,0,8,0,8,0,8,8
750
200,00-13-a2-00-40-a1-f1-43,0,128,16,39,0,16,0,35,0,24,0,0,0,27,0,27,0,27,0,19,0,0,0,19,0,19,0,0,0,19,0,19,0,19,0,0,0,0,0,19,0,19,0,0,0,8,0,8,0,8,0,8,0,0,0,8,0,8,0,0,0,8,0,8,0,8
780
500,00-13-a2-00-40-a1-ee-d3,2,128,89,77,30,19,16,24,19,30,0,30,24,19,16,19,19,27,0,8,24,8,8,30,24,19,0,16,19,19,19,19,27,19,0,8,8,0,8,8,8,0,0,0,8,19,8,19,8,19,0,0,16,8,0,8,0,8,0,8,0,16,8,8,8,0
810
1000,00-13-a2-00-40-98-98-4f,2,128,93,82,16,39,0,35,19,33,0,30,19,27,24,24,32,27,0,24,19,8,0,0,8,19,0,0,19,16,24,8,16,19,0,8,8,8,0,8,0,19,0,8,19,8,19,19,8,0,8,8,8,8,0,8,0,8,0,8,19,8,8,8,0,19
840
500,00-13-a2-00-40-a1-ee-d3,2,128,86,75,30,27,30,27,25,33,0,19,27,16,16,8,16,27,0,0,0,8,19,16,0,19,0,8,19,16,19,0,19,19,0,0,8,0,0,19,0,19,0,16,8,8,0,8,0,8,0,8,0,0,0,19,0,8,0,0,8,8,8,8,8,19
870
200,00-13-a2-00-40-a1-f1-43,0,128,16,40,16,16,30,30,30,19,0,30,24,24,16,19,24,30,0,0,0,0,19,16,16,8,0,19,0,8,19,0,0,19,0,8,0,0,8,0,0,8,0,8,19,8,0,8,19,0,0,0,0,0,8,8,0,8,0,8,0,0,8,0,0,8
900
1000,00-13-a2-00-40-98-98-4f,0,128,0,39,16,16,24,35,24,30,16,0,0,24,16,27,0,30,0,19,25,0,0,24,19,8,19,0,0,8,0,19,0,19,0,0,0,0,19,8,0,0,0,0,0,8,0,8,0,0,0,8,8,0,0,8,0,8,8,0,0,0,0,8,0,8
930
500,00-13-a2-00-40-a1-ee-d3,0,128,41,16,35,35,30,0,33,35,0,0,30,27,25,0,25,25,0,0,8,0,30,0,19,0,0,0,8,19,25,0,25,16,0,0,8,8,0,0,0,8,0,0,0,8,8,0,0,0,0,0,0,0,8,0,0,0,0,0,0,8,8,0,8,0
960
1000,00-13-a2-00-40-98-98-4f,0,128,16,40,16,39,0,30,16,33,0,30,27,27,0,24,27,30,0,0,19,30,0,19,19,19,0,19,19,19,0,19,19,19,0,8,0,0,0,0,0,19,0,8,8,8,0,8,8,8,0,0,8,8,0,0,8,8,0,8,8,8,0,0,8,8
990
500,00-13-a2-00-40-a1-ee-d3,0,128,16,30,30,30,30,30,30,35,27,27,25,25,25,25,25,25,0,19,19,19,19,19,19,19,16,16,16,16,16,16,16,16,0,0,0,0,0,0,0,8,0,0,0,0,0,0,0,0,0,8,8,8,8,8,8,8,0,0,0,0,0,0,0,0
1020
500,00-13-a2-00-40-a1-ee-d3,1,128,0,39,0,16,30,35,0,30,30,0,0,24,30,27,0,30,0,19,0,0,19,19,0,8,19,0,0,8,19,19,0,19,0,0,8,0,0,19,8,0,0,0,8,8,0,8,8,0,0,8,8,0,8,8,8,8,8,0,8,0,8,8,8,8
1050
500,00-13-a2-00-40-a1-ee-d3,2,128,85,74,37,38,24,30,30,35,0,24,30,25,24,27,24,24,0,19,8,19,24,8,19,27,0,8,24,19,24,19,24,24,0,8,0,0,0,8,8,8,8,8,0,0,0,8,8,8,0,0,0,8,8,0,0,0,8,0,0,8,8,0,8,8
1080
500,00-13-a2-00-40-a1-ee-d3,0,128,53,35,35,39,0,35,33,35,0,24,27,27,0,19,27,25,0,0,0,30,0,16,0,8,0,0,27,16,0,0,27,16,0,0,8,0,0,0,0,8,0,19,8,8,0,8,8,0,0,0,8,8,0,8,0,0,0,0,8,0,0,0,8,8
1110
500,00-13-a2-00-40-a1-ee-d3,1,128,0,39,16,16,30,35,16,8,24,0,25,27,27,27,25,27,0,19,19,0,19,19,19,8,16,0,19,19,19,19,19,19,0,0,0,0,0,19,0,8,8,0,0,8,8,8,0,8,0,8,8,0,8,8,8,8,0,0,8,8,8,8,8,8
1140
500,00-13-a2-00-40-a1-ee-d3,2,128,90,78,27,35,0,30,35,33,0,0,0,27,0,19,27,27,0,0,0,19,0,19,19,8,0,0,0,27,0,19,19,19,0,0,0,0,0,0,19,19,0,0,8,8,0,8,8,8,0,8,8,0,0,8,8,0,0,0,8,0,0,8,8,8
1170
1000,00-13-a2-00-40-98-98-4f,2,128,97,83,35,33,0,35,30,35,0,24,19,16,0,27,25,24,0,19,0,8,0,19,24,19,0,24,8,8,0,19,19,25,0,0,8,0,0,19,8,0,0,16,8,0,0,8,0,19,0,8,0,0,0,8,0,19,0,16,8,0,0,8,8,0
1200
500,00-13-a2-00-40-a1-ee-d3,2,128,89,77,16,27,19,33,8,35,0,19,8,27,25,27,8,27,0,8,0,0,0,19,0,8,0,0,0,19,19,19,0,0,0,0,19,0,0,19,8,16,0,24,8,0,0,8,8,0,0,0,8,8,0,19,0,8,0,8,0,0,8,8,0,8
1230
1000,00-13-a2-00-40-98-98-4f,2,128,97,84,35,35,24,30,25,35,16,0,16,27,16,19,27,30,0,8,19,0,24,27,8,27,19,0,19,19,19,0,19,24,0,0,0,0,0,0,0,0,8,8,8,27,8,19,8,8,0,0,0,0,8,8,0,8,8,8,8,19,8,8,8,8
1260
500,00-13-a2-00-40-a1-ee-d3,2,128,87,77,16,35,0,30,30,33,16,24,0,33,0,30,30,27,0,0,0,8,0,24,19,27,8,19,0,19,0,19,19,19,0,0,0,8,8,19,0,19,0,19,0,0,8,0,8,0,0,8,0,0,8,0,8,19,0,8,0,8,8,8,0,19
1290
500,00-13-a2-00-40-a1-ee-d3,0,128,41,16,24,39,0,0,16,32,0,0,0,24,0,0,0,25,0,0,16,19,0,0,0,16,0,0,0,19,0,0,0,16,0,0,0,0,8,0,0,8,0,0,0,0,8,0,0,0,0,0,0,8,8,0,0,0,0,0,0,0,8,0,0,0
1320
200,00-13-a2-00-40-a1-f1-43,1,128,16,40,16,16,24,30,30,16,0,8,0,0,24,25,0,30,16,0,16,0,19,30,19,19,0,0,0,0,16,19,0,19,0,8,0,0,8,0,0,0,0,8,0,0,8,0,0,8,0,0,0,0,8,8,8,8,0,0,0,0,0,8,0,8
1350
200,00-13-a2-00-40-a1-f1-43,2,128,95,81,0,35,0,30,0,33,0,8,0,27,0,19,0,27,0,19,0,19,0,19,0,16,0,0,0,19,0,19,0,19,0,19,0,0,0,19,0,19,0,0,0,8,0,19,0,8,0,8,0,8,0,0,0,0,0,0,0,19,0,8,0,8
1380
500,00-13-a2-00-40-a1-ee-d3,1,128,32,16,0,0,0,25,0,0,0,30,0,0,0,27,0,0,0,8,0,0,0,19,0,0,0,19,0,0,0,19,0,0,0,0,0,0,0,8,0,0,0,8,0,0,0,8,0,0,8,0,0,0,0,8,0,0,0,8,0,0,0,8,0,0
1410
200,00-13-a2-00-40-a1-f1-43,2,128,88,77,0,35,8,30,8,33,0,27,0,24,0,19,0,24,0,8,0,19,0,30,0,19,0,0,0,16,0,24,0,16,0,0,8,8,8,0,0,19,0,16,0,8,0,0,0,8,8,0,0,8,0,0,8,8,0,8,0,0,0,0,0,0
1440
200,00-13-a2-00-40-a1-f1-43,0,128,16,37,16,39,0,35,30,33,0,8,0,27,0,27,27,24,0,19,0,30,0,24,19,19,0,8,0,8,0,19,19,19,0,0,0,0,0,8,8,19,0,0,0,8,0,8,8,19,0,8,0,8,0,8,8,8,0,0,0,0,0,8,8,8
1470
500,00-13-a2-00-40-a1-ee-d3,2,128,87,76,16,24,8,24,30,27,0,35,16,24,8,0,30,27,0,0,0,8,8,8,19,19,0,19,0,8,8,0,24,19,0,8,0,0,0,24,0,19,0,0,8,0,0,0,8,8,0,0,0,0,0,8,8,16,0,8,0,0,0,0,8,19
1500
200,00-13-a2-00-40-a1-f1-43,0,128,16,40,16,16,30,30,30,19,0,30,24,24,16,19,24,30,0,0,0,0,19,16,16,8,0,19,0,8,19,0,0,19,0,8,0,0,8,0,0,8,0,8,19,8,0,8,19,0,0,0,0,0,8,8,0,8,0,8,0,0,8,0,0,8
1530
500,00-13-a2-00-40-a1-ee-d3,2,128,90,78,39,27,0,30,30,25,0,19,8,27,0,24,27,27,0,19,19,8,0,30,19,8,0,19,8,0,0,19,19,24,0,0,0,0,0,0,8,8,0,19,8,19,0,19,8,0,0,8,0,0,0,8,8,0,0,8,0,8,0,8,8,8
1560
1000,00-13-a2-00-40-98-98-4f,2,128,95,82,0,33,27,32,19,19,0,27,16,24,25,27,16,27,0,8,0,8,0,16,0,8,0,19,0,8,0,19,0,16,0,8,0,16,0,8,8,0,0,0,0,8,16,8,0,8,0,8,0,0,8,8,0,0,0,8,8,0,0,8,8,8
1590
1000,00-13-a2-00-40-98-98-4f,0,128,16,40,39,16,0,30,32,16,0,30,16,0,0,24,19,0,0,0,19,0,0,19,16,19,0,19,19,0,0,19,19,19,0,8,0,0,0,0,8,0,0,8,0,0,0,8,0,0,0,0,0,0,0,8,8,8,0,8,8,0,0,0,8,8
1620
1000,00-13-a2-00-40-98-98-4f,1,128,32,16,0,0,0,0,0,0,0,0,0,0,0,0,0,0,0,0,0,0,0,0,0,0,0,0,0,0,0,0,0,0,0,0,0,8,0,0,0,8,0,0,0,8,0,0,0,8,0,0,0,8,0,0,0,8,0,0,0,8,0,0,0,8
1650
500,00-13-a2-00-40-a1-ee-d3,1,128,41,16,16,16,0,30,30,16,16,0,0,16,0,0,0,16,0,0,0,16,0,19,19,16,19,0,0,16,0,0,0,16,0,0,0,0,0,0,8,0,0,0,0,0,0,0,8,0,0,0,0,0,0,8,8,0,8,0,0,0,0,0,8,0
1680
200,00-13-a2-00-40-a1-f1-43,2,128,90,79,16,35,8,25,35,33,16,35,0,25,8,19,27,27,0,30,0,8,0,8,0,19,8,19,0,0,0,8,19,16,0,0,0,8,0,0,8,19,0,0,0,0,0,0,8,8,0,8,0,8,8,0,0,0,0,8,0,8,8,0,8,8
1710
200,00-13-a2-00-40-a1-f1-43,0,128,16,40,16,16,30,30,30,19,0,30,24,24,16,19,24,30,0,0,0,0,19,16,16,8,0,19,0,8,19,0,0,19,0,8,0,0,8,0,0,8,0,8,19,8,0,8,19,0,0,0,0,0,8,8,0,8,0,8,0,0,8,0,0,8
1740
200,00-13-a2-00-40-a1-f1-43,1,128,0,35,0,35,35,16,0,35,16,30,0,27,16,16,0,27,0,0,0,0,19,0,0,0,19,19,0,19,19,19,0,19,0,8,8,8,8,0,0,8,0,8,8,8,0,0,0,8,0,0,0,0,0,0,0,0,8,8,0,8,8,8,0,8
1770
200,00-13-a2-00-40-a1-f1-43,2,128,94,82,16,33,0,35,27,35,0,8,25,19,0,19,27,27,8,19,8,16,0,19,19,16,0,0,19,8,0,8,19,19,0,19,0,0,0,8,19,0,0,0,0,0,0,0,8,8,0,8,0,8,0,24,8,0,0,0,8,0,0,8,8,8
1800
500,00-13-a2-00-40-a1-ee-d3,1,128,32,16,0,0,0,35,0,0,0,0,0,0,0,27,0,0,0,0,0,0,0,19,0,0,0,0,0,0,0,19,0,0,0,0,0,0,0,19,0,0,8,0,0,0,0,8,0,0,0,0,0,0,0,8,0,0,8,0,0,0,0,8,0,0
No handlers could be found for logger "kafka.consumer.kafka"
30
00-13-a2-00-40-a1-ee-d3,0,110
60
00-13-a2-00-40-a1-ee-d3,0,102
90
00-13-a2-00-40-a1-ee-d3,0,103
120
00-13-a2-00-40-a1-ee-d3,0,106
150
00-13-a2-00-40-a1-ee-d3,0,105
180
00-13-a2-00-40-a1-ee-d3,0,97
210
00-13-a2-00-40-a1-ee-d3,0,104
240
00-13-a2-00-40-a1-ee-d3,0,99
270
00-13-a2-00-40-a1-ee-d3,0,103
300
00-13-a2-00-40-a1-ee-d3,0,114
330
00-13-a2-00-40-a1-ee-d3,0,113
360
00-13-a2-00-40-a1-ee-d3,0,106
390
00-13-a2-00-40-a1-ee-d3,0,106
420
00-13-a2-00-40-a1-ee-d3,0,102
450
00-13-a2-00-40-a1-ee-d3,0,104
480
00-13-a2-00-40-a1-ee-d3,0,101
510
00-13-a2-00-40-a1-ee-d3,0,104
540
00-13-a2-00-40-a1-ee-d3,0,105
570
00-13-a2-00-40-a1-ee-d3,0,102
600
00-13-a2-00-40-a1-ee-d3,0,104
630
00-13-a2-00-40-a1-ee-d3,0,103
660
00-13-a2-00-40-a1-ee-d3,0,108
690
00-13-a2-00-40-a1-ee-d3,0,113
720
00-13-a2-00-40-a1-ee-d3,0,103
750
00-13-a2-00-40-a1-ee-d3,0,100
780
00-13-a2-00-40-a1-ee-d3,0,105
810
00-13-a2-00-40-a1-ee-d3,0,107
840
00-13-a2-00-40-a1-ee-d3,0,104
870
00-13-a2-00-40-a1-ee-d3,0,102
900
00-13-a2-00-40-a1-ee-d3,0,108
930
00-13-a2-00-40-a1-ee-d3,0,103
960
00-13-a2-00-40-a1-ee-d3,0,101
990
00-13-a2-00-40-a1-ee-d3,0,106
1020
00-13-a2-00-40-a1-ee-d3,0,110
1050
00-13-a2-00-40-a1-ee-d3,0,99
1080
00-13-a2-00-40-a1-ee-d3,0,101
1110
00-13-a2-00-40-a1-ee-d3,0,107
1140
00-13-a2-00-40-a1-ee-d3,0,110
1170
00-13-a2-00-40-a1-ee-d3,0,103
1200
00-13-a2-00-40-a1-ee-d3,0,100
1230
00-13-a2-00-40-a1-ee-d3,0,108
1260
00-13-a2-00-40-a1-ee-d3,0,106
1290
00-13-a2-00-40-a1-ee-d3,0,103
1320
00-13-a2-00-40-a1-ee-d3,0,102
1350
00-13-a2-00-40-a1-ee-d3,0,105
1380
00-13-a2-00-40-a1-ee-d3,0,102
1410
00-13-a2-00-40-a1-ee-d3,0,106
1440
00-13-a2-00-40-a1-ee-d3,0,104
1470
00-13-a2-00-40-a1-ee-d3,0,103
1500
00-13-a2-00-40-a1-ee-d3,0,105
1530
00-13-a2-00-40-a1-ee-d3,0,104
1560
00-13-a2-00-40-a1-ee-d3,0,104
1590
00-13-a2-00-40-a1-ee-d3,0,103
1620
00-13-a2-00-40-a1-ee-d3,0,101
1650
00-13-a2-00-40-a1-ee-d3,0,104
1680
00-13-a2-00-40-a1-ee-d3,0,101
1710
00-13-a2-00-40-a1-ee-d3,0,105
1740
00-13-a2-00-40-a1-ee-d3,0,103
1770
00-13-a2-00-40-a1-ee-d3,0,104
1800
00-13-a2-00-40-a1-ee-d3,0,108
1830
00-13-a2-00-40-a1-ee-d3,0,115
1860
00-13-a2-00-40-a1-ee-d3,0,103
1890
00-13-a2-00-40-a1-ee-d3,0,103
1920
00-13-a2-00-40-a1-ee-d3,0,102
1950
00-13-a2-00-40-a1-ee-d3,0,105
1980
00-13-a2-00-40-a1-ee-d3,0,105
2010
00-13-a2-00-40-a1-ee-d3,0,108
2040
00-13-a2-00-40-a1-ee-d3,0,104
2070
00-13-a2-00-40-a1-ee-d3,0,95
2100
00-13-a2-00-40-a1-ee-d3,0,116
2130
00-13-a2-00-40-a1-ee-d3,0,99
2160
00-13-a2-00-40-a1-ee-d3,0,106
2190
00-13-a2-00-40-a1-ee-d3,0,103
2220
00-13-a2-00-40-a1-ee-d3,0,109
2250
00-13-a2-00-40-a1-ee-d3,0,103
2280
00-13-a2-00-40-a1-ee-d3,0,103
2310
00-13-a2-00-40-a1-ee-d3,0,103
2340
00-13-a2-00-40-a1-ee-d3,0,98
2370
00-13-a2-00-40-a1-ee-d3,0,114
2400
00-13-a2-00-40-a1-ee-d3,0,101
2430
00-13-a2-00-40-a1-ee-d3,0,105
2460
00-13-a2-00-40-a1-ee-d3,0,103
2490
00-13-a2-00-40-a1-ee-d3,0,101
2520
00-13-a2-00-40-a1-ee-d3,0,112
2550
00-13-a2-00-40-a1-ee-d3,0,104
2580
00-13-a2-00-40-a1-ee-d3,0,103
2610
00-13-a2-00-40-a1-ee-d3,0,105
2640
00-13-a2-00-40-a1-ee-d3,0,107
2670
00-13-a2-00-40-a1-ee-d3,0,103
2700
00-13-a2-00-40-a1-ee-d3,0,114
2730
00-13-a2-00-40-a1-ee-d3,0,106
2760
00-13-a2-00-40-a1-ee-d3,0,102
2790
00-13-a2-00-40-a1-ee-d3,0,104
2820
00-13-a2-00-40-a1-ee-d3,0,102
2850
00-13-a2-00-40-a1-ee-d3,0,100
2880
00-13-a2-00-40-a1-ee-d3,0,102
2910
00-13-a2-00-40-a1-ee-d3,0,108
2940
00-13-a2-00-40-a1-ee-d3,0,108
2970
00-13-a2-00-40-a1-ee-d3,0,104
3000
00-13-a2-00-40-a1-ee-d3,0,100
3030
00-13-a2-00-40-a1-ee-d3,0,103
3060
00-13-a2-00-40-a1-ee-d3,0,108
3090
00-13-a2-00-40-a1-ee-d3,0,101
3120
00-13-a2-00-40-a1-ee-d3,0,107
3150
00-13-a2-00-40-a1-ee-d3,0,104
3180
00-13-a2-00-40-a1-ee-d3,0,107
3210
00-13-a2-00-40-a1-ee-d3,0,108
3240
00-13-a2-00-40-a1-ee-d3,0,107
3270
00-13-a2-00-40-98-98-4f,0,113
3300
00-13-a2-00-40-98-98-4f,0,112
3330
00-13-a2-00-40-98-98-4f,0,113
3360
00-13-a2-00-40-98-98-4f,0,112
3390
00-13-a2-00-40-98-98-4f,0,114
3420
00-13-a2-00-40-98-98-4f,0,111
3450
00-13-a2-00-40-98-98-4f,0,114
3480
00-13-a2-00-40-98-98-4f,0,114
3510
00-13-a2-00-40-98-98-4f,0,116
3540
00-13-a2-00-40-98-98-4f,0,114
3570
00-13-a2-00-40-98-98-4f,0,119
3600
00-13-a2-00-40-98-98-4f,0,112
3630
00-13-a2-00-40-98-98-4f,0,114
3660
00-13-a2-00-40-98-98-4f,0,115
3690
00-13-a2-00-40-98-98-4f,0,109
3720
00-13-a2-00-40-98-98-4f,0,113
3750
00-13-a2-00-40-98-98-4f,0,119
3780
00-13-a2-00-40-98-98-4f,0,117
3810
00-13-a2-00-40-98-98-4f,0,116
3840
00-13-a2-00-40-98-98-4f,0,115
3870
00-13-a2-00-40-98-98-4f,0,108
3900
00-13-a2-00-40-98-98-4f,0,109
3930
00-13-a2-00-40-98-98-4f,0,115
3960
00-13-a2-00-40-98-98-4f,0,115
3990
00-13-a2-00-40-98-98-4f,0,112
4020
00-13-a2-00-40-98-98-4f,0,115
4050
00-13-a2-00-40-98-98-4f,0,112
4080
00-13-a2-00-40-98-98-4f,0,113
4110
00-13-a2-00-40-98-98-4f,0,115
4140
00-13-a2-00-40-98-98-4f,0,115
4170
00-13-a2-00-40-98-98-4f,0,116
4200
00-13-a2-00-40-98-98-4f,0,111
4230
00-13-a2-00-40-98-98-4f,0,112
4260
00-13-a2-00-40-98-98-4f,0,112
4290
00-13-a2-00-40-98-98-4f,0,114
4320
00-13-a2-00-40-98-98-4f,0,115
4350
00-13-a2-00-40-98-98-4f,0,114
4380
00-13-a2-00-40-98-98-4f,0,112
4410
00-13-a2-00-40-98-98-4f,0,111
4440
00-13-a2-00-40-98-98-4f,0,114
4470
00-13-a2-00-40-98-98-4f,0,116
4500
00-13-a2-00-40-a1-f1-43,0,166
4530
00-13-a2-00-40-a1-f1-43,0,165
4560
00-13-a2-00-40-a1-f1-43,0,162
4590
00-13-a2-00-40-a1-f1-43,0,162
4620
00-13-a2-00-40-a1-f1-43,0,164
4650
00-13-a2-00-40-a1-f1-43,0,162
4680
00-13-a2-00-40-a1-f1-43,0,166
4710
00-13-a2-00-40-a1-f1-43,0,169
4740
00-13-a2-00-40-a1-f1-43,0,165
4770
00-13-a2-00-40-a1-f1-43,0,167
4800
00-13-a2-00-40-a1-f1-43,0,168
4830
00-13-a2-00-40-a1-f1-43,0,165
4860
00-13-a2-00-40-a1-f1-43,0,166
4890
00-13-a2-00-40-a1-f1-43,0,165
4920
00-13-a2-00-40-a1-f1-43,0,164
4950
00-13-a2-00-40-a1-f1-43,0,167
4980
00-13-a2-00-40-a1-f1-43,0,164
5010
00-13-a2-00-40-a1-f1-43,0,170
5040
00-13-a2-00-40-a1-f1-43,0,163
5070
00-13-a2-00-40-a1-f1-43,0,163
5100
00-13-a2-00-40-a1-f1-43,0,162
5130
00-13-a2-00-40-a1-f1-43,0,167
5160
00-13-a2-00-40-a1-f1-43,0,166
5190
00-13-a2-00-40-a1-f1-43,0,166
5220
00-13-a2-00-40-a1-f1-43,0,164
5250
00-13-a2-00-40-a1-f1-43,0,167
5280
00-13-a2-00-40-a1-f1-43,0,167
5310
00-13-a2-00-40-a1-f1-43,0,163
5340
00-13-a2-00-40-a1-f1-43,0,166
5370
00-13-a2-00-40-a1-f1-43,0,166
5400
00-13-a2-00-40-a1-f1-43,0,165
5430
00-13-a2-00-40-a1-f1-43,0,165
5460
00-13-a2-00-40-a1-f1-43,0,164
5490
00-13-a2-00-40-a1-f1-43,0,165
5520
00-13-a2-00-40-a1-f1-43,0,165
5550
00-13-a2-00-40-a1-f1-43,0,166
5580
00-13-a2-00-40-a1-f1-43,0,171
5610
00-13-a2-00-40-a1-f1-43,0,161
5640
00-13-a2-00-40-a1-f1-43,0,168
5670
00-13-a2-00-40-a1-f1-43,0,167
5700
00-13-a2-00-40-a1-f1-43,0,167
5730
00-13-a2-00-40-a1-f1-43,0,165
5760
00-13-a2-00-40-a1-f1-43,0,163
5790
00-13-a2-00-40-a1-f1-43,0,165
5820
00-13-a2-00-40-a1-f1-43,0,164
5850
00-13-a2-00-40-a1-f1-43,0,171
5880
00-13-a2-00-40-a1-f1-43,0,166
5910
00-13-a2-00-40-a1-f1-43,0,166
5940
00-13-a2-00-40-a1-f1-43,0,166
5970
00-13-a2-00-40-a1-f1-43,0,164
6000
00-13-a2-00-40-a1-f1-43,0,165
6030
00-13-a2-00-40-a1-f1-43,0,165
6060
00-13-a2-00-40-a1-f1-43,0,168
6090
00-13-a2-00-40-a1-f1-43,0,165
6120
00-13-a2-00-40-a1-f1-43,0,165
6150
00-13-a2-00-40-a1-f1-43,0,165
6180
00-13-a2-00-40-a1-f1-43,0,167
6210
00-13-a2-00-40-a1-f1-43,0,167
6240
00-13-a2-00-40-a1-f1-43,0,165
6270
00-13-a2-00-40-a1-f1-43,0,164
6300
00-13-a2-00-40-a1-f1-43,0,162
6330
00-13-a2-00-40-a1-f1-43,0,164
6360
00-13-a2-00-40-a1-f1-43,0,163
6390
00-13-a2-00-40-a1-f1-43,0,165
6420
00-13-a2-00-40-a1-f1-43,0,168
6450
00-13-a2-00-40-a1-f1-43,0,166
6480
00-13-a2-00-40-a1-f1-43,0,166
6510
00-13-a2-00-40-a1-f1-43,0,165
6540
00-13-a2-00-40-a1-f1-43,0,166
6570
00-13-a2-00-40-a1-f1-43,0,163
6600
00-13-a2-00-40-a1-f1-43,0,161
6630
00-13-a2-00-40-a1-f1-43,0,165
6660
00-13-a2-00-40-a1-f1-43,0,164
6690
00-13-a2-00-40-a1-f1-43,0,165
6720
00-13-a2-00-40-a1-f1-43,0,165
6750
00-13-a2-00-40-a1-f1-43,0,167
6780
00-13-a2-00-40-a1-f1-43,0,165
6810
00-13-a2-00-40-a1-f1-43,0,163
6840
00-13-a2-00-40-a1-f1-43,0,167
6870
00-13-a2-00-40-a1-f1-43,0,164
6900
00-13-a2-00-40-a1-f1-43,0,170
6930
00-13-a2-00-40-a1-f1-43,0,161
6960
00-13-a2-00-40-a1-f1-43,0,166
6990
00-13-a2-00-40-a1-f1-43,0,166
7020
00-13-a2-00-40-a1-f1-43,0,164
7050
00-13-a2-00-40-a1-f1-43,0,162
7080
00-13-a2-00-40-a1-f1-43,0,165
7110
00-13-a2-00-40-a1-f1-43,0,167
7140
00-13-a2-00-40-a1-f1-43,0,165
7170
00-13-a2-00-40-a1-f1-43,0,163
7200
00-13-a2-00-40-a1-f1-43,0,162
7230
00-13-a2-00-40-a1-f1-43,0,165
7260
00-13-a2-00-40-a1-ee-d3,0,105
7290
00-13-a2-00-40-a1-ee-d3,0,102
7320
00-13-a2-00-40-a1-f1-43,0,166
7350
00-13-a2-00-40-a1-ee-d3,0,111
7380
00-13-a2-00-40-a1-ee-d3,0,103
7410
00-13-a2-00-40-a1-ee-d3,0,105
7440
00-13-a2-00-40-a1-ee-d3,0,103
7470
00-13-a2-00-40-a1-ee-d3,0,102
7500
00-13-a2-00-40-a1-ee-d3,0,103
7530
00-13-a2-00-40-a1-ee-d3,0,105
7560
00-13-a2-00-40-a1-ee-d3,0,104
7590
00-13-a2-00-40-a1-ee-d3,0,102
7620
00-13-a2-00-40-a1-ee-d3,0,105
7650
00-13-a2-00-40-a1-ee-d3,0,106
7680
00-13-a2-00-40-a1-ee-d3,0,96
7710
00-13-a2-00-40-a1-ee-d3,0,104
7740
00-13-a2-00-40-a1-ee-d3,0,104
7770
00-13-a2-00-40-a1-ee-d3,0,104
7800
00-13-a2-00-40-a1-ee-d3,0,102
7830
00-13-a2-00-40-a1-ee-d3,0,106
7860
00-13-a2-00-40-a1-ee-d3,0,100
7890
00-13-a2-00-40-a1-ee-d3,0,100
7920
00-13-a2-00-40-a1-ee-d3,0,112
7950
00-13-a2-00-40-a1-ee-d3,0,108
7980
00-13-a2-00-40-a1-ee-d3,0,101
8010
00-13-a2-00-40-a1-ee-d3,0,106
8040
00-13-a2-00-40-a1-ee-d3,0,102
8070
00-13-a2-00-40-a1-ee-d3,0,108
8100
00-13-a2-00-40-a1-ee-d3,0,101
8130
00-13-a2-00-40-a1-ee-d3,0,104
8160
00-13-a2-00-40-a1-ee-d3,0,104
8190
00-13-a2-00-40-a1-ee-d3,0,105
8220
00-13-a2-00-40-a1-ee-d3,0,104
8250
00-13-a2-00-40-a1-ee-d3,0,103
8280
00-13-a2-00-40-a1-ee-d3,0,103
8310
00-13-a2-00-40-a1-ee-d3,0,103
8340
00-13-a2-00-40-a1-ee-d3,0,98
8370
00-13-a2-00-40-a1-ee-d3,0,103
8400
00-13-a2-00-40-a1-ee-d3,0,105
8430
00-13-a2-00-40-a1-ee-d3,0,99
8460
00-13-a2-00-40-a1-ee-d3,0,105
8490
00-13-a2-00-40-a1-ee-d3,0,100
8520
00-13-a2-00-40-a1-ee-d3,0,104
8550
00-13-a2-00-40-a1-ee-d3,0,104
8580
00-13-a2-00-40-a1-ee-d3,0,109
8610
00-13-a2-00-40-a1-ee-d3,0,101
8640
00-13-a2-00-40-a1-ee-d3,0,100
8670
00-13-a2-00-40-a1-ee-d3,0,107
8700
00-13-a2-00-40-a1-ee-d3,0,101
8730
00-13-a2-00-40-98-98-4f,0,115
8760
00-13-a2-00-40-98-98-4f,0,112
8790
00-13-a2-00-40-98-98-4f,0,116
8820
00-13-a2-00-40-98-98-4f,0,114
8850
00-13-a2-00-40-98-98-4f,0,118
8880
00-13-a2-00-40-98-98-4f,0,114
8910
00-13-a2-00-40-98-98-4f,0,115
8940
00-13-a2-00-40-98-98-4f,0,111
8970
00-13-a2-00-40-98-98-4f,0,114
9000
00-13-a2-00-40-98-98-4f,0,121
9030
00-13-a2-00-40-98-98-4f,0,121
9060
00-13-a2-00-40-98-98-4f,0,115
9090
00-13-a2-00-40-98-98-4f,0,113
9120
00-13-a2-00-40-98-98-4f,0,114
9150
00-13-a2-00-40-98-98-4f,0,113
9180
00-13-a2-00-40-98-98-4f,0,114
9210
00-13-a2-00-40-98-98-4f,0,114
9240
00-13-a2-00-40-98-98-4f,0,114
9270
00-13-a2-00-40-98-98-4f,0,114
9300
00-13-a2-00-40-98-98-4f,0,111
9330
00-13-a2-00-40-98-98-4f,0,113
9360
00-13-a2-00-40-98-98-4f,0,111
9390
00-13-a2-00-40-98-98-4f,0,114
9420
00-13-a2-00-40-98-98-4f,0,113
9450
00-13-a2-00-40-98-98-4f,0,116
9480
00-13-a2-00-40-98-98-4f,0,114
9510
00-13-a2-00-40-98-98-4f,0,113
9540
00-13-a2-00-40-98-98-4f,0,117
9570
00-13-a2-00-40-98-98-4f,0,113
9600
00-13-a2-00-40-98-98-4f,0,113
9630
00-13-a2-00-40-98-98-4f,0,111
9660
00-13-a2-00-40-98-98-4f,0,113
9690
00-13-a2-00-40-98-98-4f,0,113
9720
00-13-a2-00-40-98-98-4f,0,117
9750
00-13-a2-00-40-98-98-4f,0,115
9780
00-13-a2-00-40-98-98-4f,0,115
9810
00-13-a2-00-40-98-98-4f,0,120
9840
00-13-a2-00-40-98-98-4f,0,114
9870
00-13-a2-00-40-98-98-4f,0,115
9900
00-13-a2-00-40-98-98-4f,0,115
9930
00-13-a2-00-40-98-98-4f,0,116
9960
00-13-a2-00-40-98-98-4f,0,111
9990
00-13-a2-00-40-98-98-4f,0,112
10020
00-13-a2-00-40-98-98-4f,0,114
10050
00-13-a2-00-40-98-98-4f,0,113
10080
00-13-a2-00-40-98-98-4f,0,115
10110
00-13-a2-00-40-98-98-4f,0,118
10140
00-13-a2-00-40-98-98-4f,0,115
10170
00-13-a2-00-40-98-98-4f,0,113
10200
00-13-a2-00-40-98-98-4f,0,109
10230
00-13-a2-00-40-98-98-4f,0,112
10260
00-13-a2-00-40-98-98-4f,0,113
10290
00-13-a2-00-40-98-98-4f,0,113
10320
00-13-a2-00-40-98-98-4f,0,114
10350
00-13-a2-00-40-98-98-4f,0,115
10380
00-13-a2-00-40-98-98-4f,0,116
10410
00-13-a2-00-40-98-98-4f,0,116
10440
00-13-a2-00-40-98-98-4f,0,117
10470
00-13-a2-00-40-98-98-4f,0,118
10500
00-13-a2-00-40-98-98-4f,0,115
10530
00-13-a2-00-40-98-98-4f,0,114
10560
00-13-a2-00-40-98-98-4f,0,116
10590
00-13-a2-00-40-98-98-4f,0,113
10620
00-13-a2-00-40-98-98-4f,0,114
10650
00-13-a2-00-40-98-98-4f,0,115
10680
00-13-a2-00-40-98-98-4f,0,115
10710
00-13-a2-00-40-98-98-4f,0,114
10740
00-13-a2-00-40-98-98-4f,0,118
10770
00-13-a2-00-40-98-98-4f,0,113
10800
00-13-a2-00-40-98-98-4f,0,117
10830
00-13-a2-00-40-98-98-4f,0,115
10860
00-13-a2-00-40-98-98-4f,0,115
10890
00-13-a2-00-40-98-98-4f,0,113
10920
00-13-a2-00-40-98-98-4f,0,115
10950
00-13-a2-00-40-98-98-4f,0,116
10980
00-13-a2-00-40-98-98-4f,0,112
11010
00-13-a2-00-40-98-98-4f,0,113
11040
00-13-a2-00-40-98-98-4f,0,114
11070
00-13-a2-00-40-98-98-4f,0,114
11100
00-13-a2-00-40-98-98-4f,0,113
11130
00-13-a2-00-40-98-98-4f,0,118
11160
00-13-a2-00-40-98-98-4f,0,113
11190
00-13-a2-00-40-98-98-4f,0,116
11220
00-13-a2-00-40-98-98-4f,0,115
11250
00-13-a2-00-40-98-98-4f,0,116
11280
00-13-a2-00-40-98-98-4f,0,115
11310
00-13-a2-00-40-98-98-4f,0,111
11340
00-13-a2-00-40-98-98-4f,0,117
11370
00-13-a2-00-40-98-98-4f,0,115
11400
00-13-a2-00-40-98-98-4f,0,117
11430
00-13-a2-00-40-98-98-4f,0,111
11460
00-13-a2-00-40-98-98-4f,0,111
11490
00-13-a2-00-40-98-98-4f,0,114
11520
00-13-a2-00-40-98-98-4f,0,114
11550
00-13-a2-00-40-98-98-4f,0,115
11580
00-13-a2-00-40-98-98-4f,0,115
11610
00-13-a2-00-40-98-98-4f,0,112
11640
00-13-a2-00-40-98-98-4f,0,115
11670
00-13-a2-00-40-98-98-4f,0,114
11700
00-13-a2-00-40-98-98-4f,0,116
11730
00-13-a2-00-40-98-98-4f,0,114
11760
00-13-a2-00-40-98-98-4f,0,115
11790
00-13-a2-00-40-98-98-4f,0,115
11820
00-13-a2-00-40-98-98-4f,0,113
11850
00-13-a2-00-40-98-98-4f,0,113
11880
00-13-a2-00-40-98-98-4f,0,113
11910
00-13-a2-00-40-98-98-4f,0,111
11940
00-13-a2-00-40-98-98-4f,0,114
11970
00-13-a2-00-40-98-98-4f,0,114
12000
00-13-a2-00-40-98-98-4f,0,114
12030
00-13-a2-00-40-98-98-4f,0,116
12060
00-13-a2-00-40-98-98-4f,0,111
12090
00-13-a2-00-40-a1-f1-43,0,165
12120
00-13-a2-00-40-a1-f1-43,0,163
12150
00-13-a2-00-40-a1-f1-43,0,167
12180
00-13-a2-00-40-a1-f1-43,0,163
12210
00-13-a2-00-40-a1-f1-43,0,162
12240
00-13-a2-00-40-a1-f1-43,0,164
12270
00-13-a2-00-40-a1-f1-43,0,164
12300
00-13-a2-00-40-a1-f1-43,0,165
12330
00-13-a2-00-40-a1-f1-43,0,164
12360
00-13-a2-00-40-a1-f1-43,0,165
12390
00-13-a2-00-40-a1-f1-43,0,165
12420
00-13-a2-00-40-a1-f1-43,0,166
12450
00-13-a2-00-40-a1-f1-43,0,163
12480
00-13-a2-00-40-a1-f1-43,0,172
12510
00-13-a2-00-40-a1-f1-43,0,165
12540
00-13-a2-00-40-a1-f1-43,0,167
12570
00-13-a2-00-40-a1-f1-43,0,165
12600
00-13-a2-00-40-a1-f1-43,0,165
12630
00-13-a2-00-40-a1-f1-43,0,165
12660
00-13-a2-00-40-a1-f1-43,0,167
12690
00-13-a2-00-40-a1-f1-43,0,165
12720
00-13-a2-00-40-a1-f1-43,0,166
12750
00-13-a2-00-40-a1-f1-43,0,165
12780
00-13-a2-00-40-a1-f1-43,0,167
12810
00-13-a2-00-40-a1-f1-43,0,169
12840
00-13-a2-00-40-a1-f1-43,0,166
12870
00-13-a2-00-40-a1-f1-43,0,167
12900
00-13-a2-00-40-a1-f1-43,0,163
12930
00-13-a2-00-40-a1-f1-43,0,166
12960
00-13-a2-00-40-a1-f1-43,0,165
12990
00-13-a2-00-40-a1-f1-43,0,164
13020
00-13-a2-00-40-a1-f1-43,0,163
13050
00-13-a2-00-40-a1-f1-43,0,164
13080
00-13-a2-00-40-a1-f1-43,0,165
13110
00-13-a2-00-40-a1-f1-43,0,168
13140
00-13-a2-00-40-a1-f1-43,0,165
13170
00-13-a2-00-40-a1-f1-43,0,166
13200
00-13-a2-00-40-a1-f1-43,0,162
13230
00-13-a2-00-40-a1-f1-43,0,163
13260
00-13-a2-00-40-a1-f1-43,0,166
13290
00-13-a2-00-40-a1-f1-43,0,166
13320
00-13-a2-00-40-a1-f1-43,0,165
13350
00-13-a2-00-40-a1-f1-43,0,164
13380
00-13-a2-00-40-a1-f1-43,0,166
13410
00-13-a2-00-40-a1-f1-43,0,164
13440
00-13-a2-00-40-a1-f1-43,0,166
13470
00-13-a2-00-40-a1-f1-43,0,165
13500
00-13-a2-00-40-a1-f1-43,0,166
13530
00-13-a2-00-40-a1-f1-43,0,165
13560
00-13-a2-00-40-a1-f1-43,0,164
13590
00-13-a2-00-40-a1-f1-43,0,165
13620
00-13-a2-00-40-a1-f1-43,0,164
13650
00-13-a2-00-40-a1-f1-43,0,162
13680
00-13-a2-00-40-a1-f1-43,0,167
13710
00-13-a2-00-40-a1-f1-43,0,162
13740
00-13-a2-00-40-a1-f1-43,0,165
13770
00-13-a2-00-40-a1-f1-43,0,162
13800
00-13-a2-00-40-a1-f1-43,0,166
13830
00-13-a2-00-40-a1-f1-43,0,165
13860
00-13-a2-00-40-a1-f1-43,0,164
13890
00-13-a2-00-40-a1-f1-43,0,167
13920
00-13-a2-00-40-a1-f1-43,0,161
13950
00-13-a2-00-40-a1-f1-43,0,169
13980
00-13-a2-00-40-a1-f1-43,0,166
14010
00-13-a2-00-40-a1-f1-43,0,165
14040
00-13-a2-00-40-a1-f1-43,0,164
14070
00-13-a2-00-40-a1-f1-43,0,165
14100
00-13-a2-00-40-a1-f1-43,0,170
14130
00-13-a2-00-40-a1-f1-43,0,167
14160
00-13-a2-00-40-a1-f1-43,0,163
14190
00-13-a2-00-40-a1-f1-43,0,166
14220
00-13-a2-00-40-a1-f1-43,0,161
14250
00-13-a2-00-40-a1-f1-43,0,163
14280
00-13-a2-00-40-a1-f1-43,0,168
14310
00-13-a2-00-40-a1-f1-43,0,165
14340
00-13-a2-00-40-a1-f1-43,0,166
14370
00-13-a2-00-40-a1-f1-43,0,165
14400
00-13-a2-00-40-a1-f1-43,0,166
14430
00-13-a2-00-40-a1-f1-43,0,167
14460
00-13-a2-00-40-a1-f1-43,0,168
14490
00-13-a2-00-40-a1-f1-43,0,164
14520
00-13-a2-00-40-a1-f1-43,0,167
14550
00-13-a2-00-40-a1-f1-43,0,166
14580
00-13-a2-00-40-a1-f1-43,0,167
14610
00-13-a2-00-40-a1-f1-43,0,165
14640
00-13-a2-00-40-a1-f1-43,0,166
14670
00-13-a2-00-40-a1-f1-43,0,164
14700
00-13-a2-00-40-a1-f1-43,0,162
14730
00-13-a2-00-40-a1-f1-43,0,166
14760
00-13-a2-00-40-a1-f1-43,0,168
14790
00-13-a2-00-40-a1-f1-43,0,164
14820
00-13-a2-00-40-a1-f1-43,0,165
14850
00-13-a2-00-40-a1-f1-43,0,166
14880
00-13-a2-00-40-a1-f1-43,0,165
14910
00-13-a2-00-40-a1-f1-43,0,165
14940
00-13-a2-00-40-a1-f1-43,0,160
14970
00-13-a2-00-40-a1-f1-43,0,165
15000
00-13-a2-00-40-a1-f1-43,0,163
15030
00-13-a2-00-40-a1-f1-43,0,163
15060
00-13-a2-00-40-a1-f1-43,0,163
15090
00-13-a2-00-40-a1-f1-43,0,167
15120
00-13-a2-00-40-a1-f1-43,0,164
15150
00-13-a2-00-40-a1-f1-43,0,162
15180
00-13-a2-00-40-a1-f1-43,0,167
15210
00-13-a2-00-40-a1-f1-43,0,171
15240
00-13-a2-00-40-a1-f1-43,0,167
15270
00-13-a2-00-40-a1-f1-43,0,165
15300
00-13-a2-00-40-a1-f1-43,0,165
15330
00-13-a2-00-40-a1-f1-43,0,165
15360
00-13-a2-00-40-a1-f1-43,0,163
15390
00-13-a2-00-40-a1-f1-43,0,163
15420
00-13-a2-00-40-a1-f1-43,0,164
15450
00-13-a2-00-40-a1-f1-43,0,165
15480
00-13-a2-00-40-a1-f1-43,0,165
15510
00-13-a2-00-40-a1-f1-43,0,166
15540
00-13-a2-00-40-a1-f1-43,0,167
15570
00-13-a2-00-40-a1-f1-43,0,164
15600
00-13-a2-00-40-a1-f1-43,0,164
15630
00-13-a2-00-40-a1-f1-43,0,163
15660
00-13-a2-00-40-a1-f1-43,0,169
15690
00-13-a2-00-40-a1-f1-43,0,168
15720
00-13-a2-00-40-a1-f1-43,0,165
15750
00-13-a2-00-40-a1-f1-43,0,165
15780
00-13-a2-00-40-a1-f1-43,0,164
15810
00-13-a2-00-40-a1-f1-43,0,165
15840
00-13-a2-00-40-a1-f1-43,0,166
15870
00-13-a2-00-40-a1-f1-43,0,163
15900
00-13-a2-00-40-98-98-4f,0,116
15930
00-13-a2-00-40-98-98-4f,0,117
15960
00-13-a2-00-40-98-98-4f,0,118
15990
00-13-a2-00-40-98-98-4f,0,114
16020
00-13-a2-00-40-98-98-4f,0,114
16050
00-13-a2-00-40-98-98-4f,0,110
16080
00-13-a2-00-40-98-98-4f,0,117
16110
00-13-a2-00-40-98-98-4f,0,117
16140
00-13-a2-00-40-98-98-4f,0,115
16170
00-13-a2-00-40-98-98-4f,0,114
16200
00-13-a2-00-40-98-98-4f,0,122
16230
00-13-a2-00-40-98-98-4f,0,113
16260
00-13-a2-00-40-98-98-4f,0,116
16290
00-13-a2-00-40-98-98-4f,0,113
16320
00-13-a2-00-40-98-98-4f,0,115
16350
00-13-a2-00-40-98-98-4f,0,115
16380
00-13-a2-00-40-98-98-4f,0,115
16410
00-13-a2-00-40-98-98-4f,0,117
16440
00-13-a2-00-40-98-98-4f,0,111
16470
00-13-a2-00-40-98-98-4f,0,119
16500
00-13-a2-00-40-98-98-4f,0,114
16530
00-13-a2-00-40-98-98-4f,0,114
16560
00-13-a2-00-40-98-98-4f,0,115
16590
00-13-a2-00-40-98-98-4f,0,114
16620
00-13-a2-00-40-98-98-4f,0,116
16650
00-13-a2-00-40-98-98-4f,0,115
16680
00-13-a2-00-40-98-98-4f,0,116
16710
00-13-a2-00-40-98-98-4f,0,124
16740
00-13-a2-00-40-98-98-4f,0,114
16770
00-13-a2-00-40-98-98-4f,0,116
16800
00-13-a2-00-40-98-98-4f,0,114
16830
00-13-a2-00-40-98-98-4f,0,114
16860
00-13-a2-00-40-98-98-4f,0,112
16890
00-13-a2-00-40-98-98-4f,0,114
16920
00-13-a2-00-40-98-98-4f,0,112
16950
00-13-a2-00-40-98-98-4f,0,113
16980
00-13-a2-00-40-98-98-4f,0,113
17010
00-13-a2-00-40-98-98-4f,0,118
17040
00-13-a2-00-40-98-98-4f,0,115
17070
00-13-a2-00-40-98-98-4f,0,117
17100
00-13-a2-00-40-98-98-4f,0,113
17130
00-13-a2-00-40-98-98-4f,0,114
17160
00-13-a2-00-40-98-98-4f,0,116
17190
00-13-a2-00-40-98-98-4f,0,115
17220
00-13-a2-00-40-98-98-4f,0,115
17250
00-13-a2-00-40-98-98-4f,0,115
17280
00-13-a2-00-40-98-98-4f,0,117
17310
00-13-a2-00-40-98-98-4f,0,118
17340
00-13-a2-00-40-98-98-4f,0,114
17370
00-13-a2-00-40-98-98-4f,0,113
17400
00-13-a2-00-40-98-98-4f,0,119
17430
00-13-a2-00-40-98-98-4f,0,116
17460
00-13-a2-00-40-98-98-4f,0,114
17490
00-13-a2-00-40-98-98-4f,0,115
17520
00-13-a2-00-40-98-98-4f,0,120
17550
00-13-a2-00-40-98-98-4f,0,114
17580
00-13-a2-00-40-98-98-4f,0,116
17610
00-13-a2-00-40-98-98-4f,0,118
17640
00-13-a2-00-40-98-98-4f,0,114
17670
00-13-a2-00-40-98-98-4f,0,114
17700
00-13-a2-00-40-98-98-4f,0,112
17730
00-13-a2-00-40-98-98-4f,0,115
17760
00-13-a2-00-40-98-98-4f,0,117
17790
00-13-a2-00-40-98-98-4f,0,111
17820
00-13-a2-00-40-98-98-4f,0,113
17850
00-13-a2-00-40-98-98-4f,0,115
17880
00-13-a2-00-40-98-98-4f,0,115
17910
00-13-a2-00-40-98-98-4f,0,117
17940
00-13-a2-00-40-98-98-4f,0,113
17970
00-13-a2-00-40-98-98-4f,0,116
18000
00-13-a2-00-40-98-98-4f,0,115
18030
00-13-a2-00-40-98-98-4f,0,113
18060
00-13-a2-00-40-98-98-4f,0,115
18090
00-13-a2-00-40-98-98-4f,0,115
18120
00-13-a2-00-40-98-98-4f,0,116
18150
00-13-a2-00-40-98-98-4f,0,114
18180
00-13-a2-00-40-98-98-4f,0,113
18210
00-13-a2-00-40-98-98-4f,0,118
18240
00-13-a2-00-40-98-98-4f,0,115
18270
00-13-a2-00-40-98-98-4f,0,113
18300
00-13-a2-00-40-98-98-4f,0,117
18330
00-13-a2-00-40-98-98-4f,0,115
18360
00-13-a2-00-40-98-98-4f,0,113
18390
00-13-a2-00-40-98-98-4f,0,117
18420
00-13-a2-00-40-98-98-4f,0,109
18450
00-13-a2-00-40-98-98-4f,0,116
18480
00-13-a2-00-40-98-98-4f,0,116
18510
00-13-a2-00-40-98-98-4f,0,116
18540
00-13-a2-00-40-98-98-4f,0,115
18570
00-13-a2-00-40-98-98-4f,0,116
18600
00-13-a2-00-40-98-98-4f,0,115
18630
00-13-a2-00-40-98-98-4f,0,119
18660
00-13-a2-00-40-98-98-4f,0,113
18690
00-13-a2-00-40-98-98-4f,0,112
18720
00-13-a2-00-40-98-98-4f,0,117
18750
00-13-a2-00-40-98-98-4f,0,116
18780
00-13-a2-00-40-98-98-4f,0,114
18810
00-13-a2-00-40-98-98-4f,0,116
18840
00-13-a2-00-40-98-98-4f,0,112
18870
00-13-a2-00-40-98-98-4f,0,117
18900
00-13-a2-00-40-98-98-4f,0,114
18930
00-13-a2-00-40-98-98-4f,0,112
18960
00-13-a2-00-40-98-98-4f,0,113
18990
00-13-a2-00-40-98-98-4f,0,115
19020
00-13-a2-00-40-98-98-4f,0,114
19050
00-13-a2-00-40-98-98-4f,0,115
19080
00-13-a2-00-40-98-98-4f,0,114
19110
00-13-a2-00-40-98-98-4f,0,112
19140
00-13-a2-00-40-98-98-4f,0,115
19170
00-13-a2-00-40-98-98-4f,0,115
19200
00-13-a2-00-40-98-98-4f,0,114
19230
00-13-a2-00-40-98-98-4f,0,114
19260
00-13-a2-00-40-98-98-4f,0,114
19290
00-13-a2-00-40-98-98-4f,0,114
19320
00-13-a2-00-40-98-98-4f,0,117
19350
00-13-a2-00-40-98-98-4f,0,114
19380
00-13-a2-00-40-98-98-4f,0,117
19410
00-13-a2-00-40-98-98-4f,0,114
19440
00-13-a2-00-40-98-98-4f,0,114
19470
00-13-a2-00-40-98-98-4f,0,112
19500
00-13-a2-00-40-98-98-4f,0,116
19530
00-13-a2-00-40-98-98-4f,0,117
19560
00-13-a2-00-40-a1-ee-d3,0,105
19590
00-13-a2-00-40-a1-ee-d3,0,106
19620
00-13-a2-00-40-a1-ee-d3,0,104
19650
00-13-a2-00-40-a1-ee-d3,0,99
19680
00-13-a2-00-40-a1-ee-d3,0,110
19710
00-13-a2-00-40-a1-ee-d3,0,114
19740
00-13-a2-00-40-a1-ee-d3,0,111
19770
00-13-a2-00-40-a1-ee-d3,0,104
19800
00-13-a2-00-40-a1-f1-43,0,164
19830
00-13-a2-00-40-a1-f1-43,0,163
19860
00-13-a2-00-40-a1-f1-43,0,165
19890
00-13-a2-00-40-a1-f1-43,0,166
19920
00-13-a2-00-40-a1-f1-43,0,164
19950
00-13-a2-00-40-a1-f1-43,0,163
19980
00-13-a2-00-40-a1-f1-43,0,163
20010
00-13-a2-00-40-a1-f1-43,0,163
20040
00-13-a2-00-40-a1-f1-43,0,165
20070
00-13-a2-00-40-a1-f1-43,0,169
20100
00-13-a2-00-40-a1-f1-43,0,163
20130
00-13-a2-00-40-a1-f1-43,0,165
20160
00-13-a2-00-40-a1-f1-43,0,164
20190
00-13-a2-00-40-a1-f1-43,0,165
20220
00-13-a2-00-40-a1-f1-43,0,166
20250
00-13-a2-00-40-a1-f1-43,0,165
20280
00-13-a2-00-40-a1-f1-43,0,166
20310
00-13-a2-00-40-a1-f1-43,0,166
20340
00-13-a2-00-40-a1-f1-43,0,165
20370
00-13-a2-00-40-a1-f1-43,0,165
20400
00-13-a2-00-40-a1-f1-43,0,165
20430
00-13-a2-00-40-a1-f1-43,0,165
20460
00-13-a2-00-40-a1-f1-43,0,166
20490
00-13-a2-00-40-a1-f1-43,0,170
20520
00-13-a2-00-40-a1-f1-43,0,161
20550
00-13-a2-00-40-a1-f1-43,0,165
20580
00-13-a2-00-40-a1-f1-43,0,166
20610
00-13-a2-00-40-a1-f1-43,0,163
20640
00-13-a2-00-40-a1-f1-43,0,170
20670
00-13-a2-00-40-a1-f1-43,0,169
20700
00-13-a2-00-40-a1-f1-43,0,166
20730
00-13-a2-00-40-a1-f1-43,0,166
20760
00-13-a2-00-40-a1-f1-43,0,162
20790
00-13-a2-00-40-a1-f1-43,0,163
20820
00-13-a2-00-40-a1-f1-43,0,167
20850
00-13-a2-00-40-a1-f1-43,0,166
20880
00-13-a2-00-40-a1-f1-43,0,163
20910
00-13-a2-00-40-a1-f1-43,0,165
20940
00-13-a2-00-40-a1-f1-43,0,165
20970
00-13-a2-00-40-a1-f1-43,0,168
21000
00-13-a2-00-40-a1-f1-43,0,166
21030
00-13-a2-00-40-a1-f1-43,0,168
21060
00-13-a2-00-40-a1-f1-43,0,167
21090
00-13-a2-00-40-a1-f1-43,0,171
21120
00-13-a2-00-40-a1-f1-43,0,167
21150
00-13-a2-00-40-a1-f1-43,0,171
21180
00-13-a2-00-40-a1-f1-43,0,165
21210
00-13-a2-00-40-a1-f1-43,0,166
21240
00-13-a2-00-40-a1-f1-43,0,165
21270
00-13-a2-00-40-a1-f1-43,0,166
21300
00-13-a2-00-40-a1-f1-43,0,164
21330
00-13-a2-00-40-a1-f1-43,0,167
21360
00-13-a2-00-40-a1-f1-43,0,165
21390
00-13-a2-00-40-a1-f1-43,0,165
21420
00-13-a2-00-40-a1-f1-43,0,163
21450
00-13-a2-00-40-a1-f1-43,0,167
21480
00-13-a2-00-40-a1-f1-43,0,168
21510
00-13-a2-00-40-a1-f1-43,0,168
21540
00-13-a2-00-40-a1-f1-43,0,165
21570
00-13-a2-00-40-a1-f1-43,0,165
21600
00-13-a2-00-40-a1-f1-43,0,165
21630
00-13-a2-00-40-a1-f1-43,0,164
21660
00-13-a2-00-40-a1-f1-43,0,166
21690
00-13-a2-00-40-a1-f1-43,0,164
21720
00-13-a2-00-40-a1-f1-43,0,168
21750
00-13-a2-00-40-a1-f1-43,0,167
21780
00-13-a2-00-40-a1-f1-43,0,164
21810
00-13-a2-00-40-a1-f1-43,0,166
21840
00-13-a2-00-40-a1-f1-43,0,165
21870
00-13-a2-00-40-a1-f1-43,0,166
21900
00-13-a2-00-40-a1-f1-43,0,165
21930
00-13-a2-00-40-a1-f1-43,0,164
21960
00-13-a2-00-40-a1-f1-43,0,164
21990
00-13-a2-00-40-a1-f1-43,0,165
22020
00-13-a2-00-40-a1-f1-43,0,165
22050
00-13-a2-00-40-a1-f1-43,0,165
22080
00-13-a2-00-40-a1-f1-43,0,164
22110
00-13-a2-00-40-a1-f1-43,0,166
22140
00-13-a2-00-40-a1-f1-43,0,166
22170
00-13-a2-00-40-a1-f1-43,0,165
22200
00-13-a2-00-40-a1-f1-43,0,169
22230
00-13-a2-00-40-a1-f1-43,0,165
22260
00-13-a2-00-40-a1-f1-43,0,167
22290
00-13-a2-00-40-a1-f1-43,0,165
22320
00-13-a2-00-40-a1-f1-43,0,163
22350
00-13-a2-00-40-a1-f1-43,0,164
22380
00-13-a2-00-40-a1-f1-43,0,166
22410
00-13-a2-00-40-a1-f1-43,0,164
22440
00-13-a2-00-40-a1-f1-43,0,164
22470
00-13-a2-00-40-a1-f1-43,0,169
22500
00-13-a2-00-40-a1-f1-43,0,165
22530
00-13-a2-00-40-a1-f1-43,0,166
22560
00-13-a2-00-40-a1-f1-43,0,163
22590
00-13-a2-00-40-a1-f1-43,0,166
22620
00-13-a2-00-40-a1-f1-43,0,167
22650
00-13-a2-00-40-a1-f1-43,0,163
22680
00-13-a2-00-40-a1-f1-43,0,166
22710
00-13-a2-00-40-a1-f1-43,0,166
22740
00-13-a2-00-40-a1-f1-43,0,166
22770
00-13-a2-00-40-a1-f1-43,0,166
22800
00-13-a2-00-40-a1-f1-43,0,166
22830
00-13-a2-00-40-a1-f1-43,0,166
22860
00-13-a2-00-40-a1-f1-43,0,162
22890
00-13-a2-00-40-a1-f1-43,0,164
22920
00-13-a2-00-40-a1-f1-43,0,166
22950
00-13-a2-00-40-a1-f1-43,0,166
22980
00-13-a2-00-40-a1-f1-43,0,164
23010
00-13-a2-00-40-a1-f1-43,0,165
23040
00-13-a2-00-40-a1-f1-43,0,163
23070
00-13-a2-00-40-a1-f1-43,0,167
23100
00-13-a2-00-40-a1-f1-43,0,163
23130
00-13-a2-00-40-a1-f1-43,0,167
23160
00-13-a2-00-40-a1-f1-43,0,165
23190
00-13-a2-00-40-a1-f1-43,0,163
23220
00-13-a2-00-40-a1-f1-43,0,168
23250
00-13-a2-00-40-a1-f1-43,0,166
23280
00-13-a2-00-40-a1-f1-43,0,163
23310
00-13-a2-00-40-98-98-4f,0,115
23340
00-13-a2-00-40-98-98-4f,0,116
23370
00-13-a2-00-40-98-98-4f,0,113
23400
00-13-a2-00-40-98-98-4f,0,110
23430
00-13-a2-00-40-98-98-4f,0,114
23460
00-13-a2-00-40-98-98-4f,0,116
23490
00-13-a2-00-40-98-98-4f,0,113
23520
00-13-a2-00-40-98-98-4f,0,114
23550
00-13-a2-00-40-98-98-4f,0,113
23580
00-13-a2-00-40-98-98-4f,0,114
23610
00-13-a2-00-40-98-98-4f,0,113
23640
00-13-a2-00-40-98-98-4f,0,116
23670
00-13-a2-00-40-98-98-4f,0,114
23700
00-13-a2-00-40-98-98-4f,0,112
23730
00-13-a2-00-40-98-98-4f,0,115
23760
00-13-a2-00-40-98-98-4f,0,115
23790
00-13-a2-00-40-98-98-4f,0,112
23820
00-13-a2-00-40-98-98-4f,0,114
23850
00-13-a2-00-40-98-98-4f,0,115
23880
00-13-a2-00-40-98-98-4f,0,115
23910
00-13-a2-00-40-98-98-4f,0,116
23940
00-13-a2-00-40-98-98-4f,0,115
23970
00-13-a2-00-40-98-98-4f,0,116
24000
00-13-a2-00-40-98-98-4f,0,114
24030
00-13-a2-00-40-98-98-4f,0,114
24060
00-13-a2-00-40-98-98-4f,0,117
24090
00-13-a2-00-40-98-98-4f,0,118
24120
00-13-a2-00-40-98-98-4f,0,115
24150
00-13-a2-00-40-98-98-4f,0,113
24180
00-13-a2-00-40-98-98-4f,0,112
24210
00-13-a2-00-40-98-98-4f,0,114
24240
00-13-a2-00-40-98-98-4f,0,116
24270
00-13-a2-00-40-98-98-4f,0,106
24300
00-13-a2-00-40-98-98-4f,0,113
24330
00-13-a2-00-40-98-98-4f,0,110
24360
00-13-a2-00-40-98-98-4f,0,117
24390
00-13-a2-00-40-98-98-4f,0,115
24420
00-13-a2-00-40-98-98-4f,0,116
24450
00-13-a2-00-40-98-98-4f,0,116
24480
00-13-a2-00-40-98-98-4f,0,112
24510
00-13-a2-00-40-98-98-4f,0,116
24540
00-13-a2-00-40-98-98-4f,0,111
24570
00-13-a2-00-40-98-98-4f,0,112
24600
00-13-a2-00-40-98-98-4f,0,115
24630
00-13-a2-00-40-98-98-4f,0,112
24660
00-13-a2-00-40-98-98-4f,0,116
24690
00-13-a2-00-40-98-98-4f,0,114
24720
00-13-a2-00-40-98-98-4f,0,114
24750
00-13-a2-00-40-98-98-4f,0,112
24780
00-13-a2-00-40-98-98-4f,0,116
24810
00-13-a2-00-40-98-98-4f,0,114
24840
00-13-a2-00-40-98-98-4f,0,115
24870
00-13-a2-00-40-a1-ee-d3,0,105
24900
00-13-a2-00-40-a1-ee-d3,0,104
24930
00-13-a2-00-40-a1-ee-d3,0,105
24960
00-13-a2-00-40-a1-ee-d3,0,109
24990
00-13-a2-00-40-a1-ee-d3,0,100
25020
00-13-a2-00-40-a1-ee-d3,0,104
25050
00-13-a2-00-40-a1-ee-d3,0,98
25080
00-13-a2-00-40-a1-ee-d3,0,105
25110
00-13-a2-00-40-a1-ee-d3,0,102
25140
00-13-a2-00-40-a1-ee-d3,0,103
25170
00-13-a2-00-40-a1-ee-d3,0,106
25200
00-13-a2-00-40-a1-ee-d3,0,112
25230
00-13-a2-00-40-a1-ee-d3,0,110
25260
00-13-a2-00-40-a1-ee-d3,0,103
25290
00-13-a2-00-40-a1-ee-d3,0,109
25320
00-13-a2-00-40-a1-ee-d3,0,99
25350
00-13-a2-00-40-a1-ee-d3,0,101
25380
00-13-a2-00-40-a1-ee-d3,0,103
25410
00-13-a2-00-40-a1-ee-d3,0,94
25440
00-13-a2-00-40-a1-ee-d3,0,103
25470
00-13-a2-00-40-a1-ee-d3,0,99
25500
00-13-a2-00-40-a1-ee-d3,0,102
25530
00-13-a2-00-40-a1-ee-d3,0,98
25560
00-13-a2-00-40-a1-ee-d3,0,94
25590
00-13-a2-00-40-a1-ee-d3,0,103
25620
00-13-a2-00-40-a1-ee-d3,0,102
25650
00-13-a2-00-40-a1-ee-d3,0,99
25680
00-13-a2-00-40-a1-ee-d3,0,104
25710
00-13-a2-00-40-a1-ee-d3,0,104
25740
00-13-a2-00-40-a1-ee-d3,0,102
25770
00-13-a2-00-40-a1-ee-d3,0,105
25800
00-13-a2-00-40-a1-ee-d3,0,101
25830
00-13-a2-00-40-a1-ee-d3,0,104
25860
00-13-a2-00-40-a1-ee-d3,0,101
25890
00-13-a2-00-40-a1-ee-d3,0,109
25920
00-13-a2-00-40-a1-ee-d3,0,104
25950
00-13-a2-00-40-a1-ee-d3,0,101
25980
00-13-a2-00-40-a1-ee-d3,0,105
26010
00-13-a2-00-40-a1-ee-d3,0,106
26040
00-13-a2-00-40-a1-ee-d3,0,112
26070
00-13-a2-00-40-a1-ee-d3,0,104
26100
00-13-a2-00-40-a1-ee-d3,0,105
26130
00-13-a2-00-40-a1-ee-d3,0,114
26160
00-13-a2-00-40-a1-ee-d3,0,105
26190
00-13-a2-00-40-a1-ee-d3,0,109
26220
00-13-a2-00-40-a1-ee-d3,0,100
26250
00-13-a2-00-40-a1-ee-d3,0,100
26280
00-13-a2-00-40-a1-ee-d3,0,106
26310
00-13-a2-00-40-a1-ee-d3,0,103
26340
00-13-a2-00-40-a1-ee-d3,0,103
26370
00-13-a2-00-40-a1-ee-d3,0,108
26400
00-13-a2-00-40-a1-ee-d3,0,101
26430
00-13-a2-00-40-a1-ee-d3,0,108
26460
00-13-a2-00-40-a1-ee-d3,0,105
26490
00-13-a2-00-40-a1-ee-d3,0,106
26520
00-13-a2-00-40-a1-ee-d3,0,105
26550
00-13-a2-00-40-a1-ee-d3,0,112
26580
00-13-a2-00-40-a1-ee-d3,0,103
26610
00-13-a2-00-40-a1-ee-d3,0,101
26640
00-13-a2-00-40-a1-ee-d3,0,107
26670
00-13-a2-00-40-a1-ee-d3,0,108
26700
00-13-a2-00-40-a1-ee-d3,0,103
26730
00-13-a2-00-40-a1-ee-d3,0,106
26760
00-13-a2-00-40-a1-ee-d3,0,104
26790
00-13-a2-00-40-a1-ee-d3,0,103
26820
00-13-a2-00-40-a1-ee-d3,0,104
26850
00-13-a2-00-40-a1-ee-d3,0,105
26880
00-13-a2-00-40-a1-ee-d3,0,104
26910
00-13-a2-00-40-a1-ee-d3,0,111
26940
00-13-a2-00-40-a1-ee-d3,0,104
26970
00-13-a2-00-40-a1-ee-d3,0,108
27000
00-13-a2-00-40-a1-ee-d3,0,104
27030
00-13-a2-00-40-a1-ee-d3,0,101
27060
00-13-a2-00-40-a1-ee-d3,0,107
27090
00-13-a2-00-40-a1-ee-d3,0,107
27120
00-13-a2-00-40-a1-ee-d3,0,103
27150
00-13-a2-00-40-a1-ee-d3,0,104
27180
00-13-a2-00-40-a1-ee-d3,0,110
27210
00-13-a2-00-40-a1-ee-d3,0,102
27240
00-13-a2-00-40-a1-ee-d3,0,105
27270
00-13-a2-00-40-a1-ee-d3,0,103
27300
00-13-a2-00-40-a1-ee-d3,0,108
27330
00-13-a2-00-40-a1-ee-d3,0,108
27360
00-13-a2-00-40-a1-ee-d3,0,102
27390
00-13-a2-00-40-a1-ee-d3,0,103
27420
00-13-a2-00-40-a1-ee-d3,0,109
27450
00-13-a2-00-40-a1-ee-d3,0,106
27480
00-13-a2-00-40-a1-ee-d3,0,101
27510
00-13-a2-00-40-a1-ee-d3,0,104
27540
00-13-a2-00-40-a1-ee-d3,0,118
27570
00-13-a2-00-40-a1-ee-d3,0,110
27600
00-13-a2-00-40-a1-ee-d3,0,103
27630
00-13-a2-00-40-a1-ee-d3,0,104
27660
00-13-a2-00-40-a1-ee-d3,0,103
27690
00-13-a2-00-40-a1-ee-d3,0,101
27720
00-13-a2-00-40-a1-ee-d3,0,102
27750
00-13-a2-00-40-a1-ee-d3,0,109
27780
00-13-a2-00-40-a1-ee-d3,0,104
27810
00-13-a2-00-40-a1-ee-d3,0,110
27840
00-13-a2-00-40-a1-ee-d3,0,97
27870
00-13-a2-00-40-a1-ee-d3,0,103
27900
00-13-a2-00-40-a1-ee-d3,0,105
27930
00-13-a2-00-40-a1-ee-d3,0,105
27960
00-13-a2-00-40-a1-ee-d3,0,104
27990
00-13-a2-00-40-a1-ee-d3,0,100
28020
00-13-a2-00-40-a1-ee-d3,0,105
28050
00-13-a2-00-40-a1-ee-d3,0,101
28080
00-13-a2-00-40-a1-ee-d3,0,103
28110
00-13-a2-00-40-a1-ee-d3,0,103
28140
00-13-a2-00-40-a1-ee-d3,0,103
28170
00-13-a2-00-40-a1-ee-d3,0,104
28200
00-13-a2-00-40-a1-ee-d3,0,103
28230
00-13-a2-00-40-a1-ee-d3,0,108
28260
00-13-a2-00-40-a1-ee-d3,0,112
28290
00-13-a2-00-40-a1-ee-d3,0,103
28320
00-13-a2-00-40-a1-ee-d3,0,103
28350
00-13-a2-00-40-a1-ee-d3,0,103
28380
00-13-a2-00-40-a1-ee-d3,0,103
28410
00-13-a2-00-40-a1-ee-d3,0,109
28440
00-13-a2-00-40-a1-ee-d3,0,104
28470
00-13-a2-00-40-a1-ee-d3,0,96
28500
00-13-a2-00-40-a1-ee-d3,0,106
28530
00-13-a2-00-40-a1-ee-d3,0,102
28560
00-13-a2-00-40-a1-ee-d3,0,103
28590
00-13-a2-00-40-a1-ee-d3,0,107
28620
00-13-a2-00-40-a1-ee-d3,0,102
28650
00-13-a2-00-40-a1-ee-d3,0,104
28680
00-13-a2-00-40-a1-ee-d3,0,106
28710
00-13-a2-00-40-a1-ee-d3,0,107
28740
00-13-a2-00-40-a1-ee-d3,0,104
28770
00-13-a2-00-40-a1-ee-d3,0,108
28800
00-13-a2-00-40-a1-ee-d3,0,104
28830
00-13-a2-00-40-a1-ee-d3,0,103
28860
00-13-a2-00-40-a1-ee-d3,0,106
28890
00-13-a2-00-40-a1-ee-d3,0,99
28920
00-13-a2-00-40-a1-ee-d3,0,108
28950
00-13-a2-00-40-a1-ee-d3,0,105
28980
00-13-a2-00-40-a1-ee-d3,0,105
29010
00-13-a2-00-40-a1-ee-d3,0,107
29040
00-13-a2-00-40-a1-ee-d3,0,106
29070
00-13-a2-00-40-a1-ee-d3,0,100
29100
00-13-a2-00-40-a1-ee-d3,0,104
29130
00-13-a2-00-40-a1-ee-d3,0,104
29160
00-13-a2-00-40-a1-ee-d3,0,103
29190
00-13-a2-00-40-a1-ee-d3,0,103
29220
00-13-a2-00-40-a1-ee-d3,0,103
29250
00-13-a2-00-40-a1-ee-d3,0,106
29280
00-13-a2-00-40-a1-ee-d3,0,104
29310
00-13-a2-00-40-a1-ee-d3,0,105
29340
00-13-a2-00-40-a1-ee-d3,0,102
29370
00-13-a2-00-40-a1-ee-d3,0,104
29400
00-13-a2-00-40-a1-ee-d3,0,105
29430
00-13-a2-00-40-a1-ee-d3,0,103
29460
00-13-a2-00-40-a1-ee-d3,0,106
29490
00-13-a2-00-40-a1-ee-d3,0,108
29520
00-13-a2-00-40-a1-ee-d3,0,102
29550
00-13-a2-00-40-a1-ee-d3,0,101
29580
00-13-a2-00-40-a1-ee-d3,0,115
29610
00-13-a2-00-40-a1-ee-d3,0,96
29640
00-13-a2-00-40-a1-ee-d3,0,102
29670
00-13-a2-00-40-a1-ee-d3,0,106
29700
00-13-a2-00-40-a1-ee-d3,0,106
29730
00-13-a2-00-40-a1-ee-d3,0,104
29760
00-13-a2-00-40-a1-ee-d3,0,104
29790
00-13-a2-00-40-a1-ee-d3,0,101
29820
00-13-a2-00-40-a1-ee-d3,0,113
29850
00-13-a2-00-40-a1-ee-d3,0,102
29880
00-13-a2-00-40-a1-ee-d3,0,104
29910
00-13-a2-00-40-a1-ee-d3,0,111
29940
00-13-a2-00-40-a1-ee-d3,0,102
29970
00-13-a2-00-40-a1-ee-d3,0,103
30000
00-13-a2-00-40-a1-ee-d3,0,100
30030
00-13-a2-00-40-a1-ee-d3,0,103
30060
00-13-a2-00-40-a1-ee-d3,0,101
30090
00-13-a2-00-40-a1-ee-d3,0,107
30120
00-13-a2-00-40-a1-ee-d3,0,104
30150
00-13-a2-00-40-a1-ee-d3,0,104
30180
00-13-a2-00-40-a1-ee-d3,0,106
30210
00-13-a2-00-40-a1-ee-d3,0,105
30240
00-13-a2-00-40-a1-ee-d3,0,103
30270
00-13-a2-00-40-a1-ee-d3,0,104
30300
00-13-a2-00-40-a1-ee-d3,0,97
30330
00-13-a2-00-40-98-98-4f,0,116
30360
00-13-a2-00-40-98-98-4f,0,115
30390
00-13-a2-00-40-98-98-4f,0,114
30420
00-13-a2-00-40-98-98-4f,0,118
30450
00-13-a2-00-40-98-98-4f,0,114
30480
00-13-a2-00-40-98-98-4f,0,113
30510
00-13-a2-00-40-98-98-4f,0,112
30540
00-13-a2-00-40-98-98-4f,0,113
30570
00-13-a2-00-40-98-98-4f,0,116
30600
00-13-a2-00-40-98-98-4f,0,114
30630
00-13-a2-00-40-98-98-4f,0,114
30660
00-13-a2-00-40-98-98-4f,0,114
30690
00-13-a2-00-40-98-98-4f,0,116
30720
00-13-a2-00-40-98-98-4f,0,117
30750
00-13-a2-00-40-98-98-4f,0,116
30780
00-13-a2-00-40-98-98-4f,0,116
30810
00-13-a2-00-40-98-98-4f,0,120
30840
00-13-a2-00-40-98-98-4f,0,118
30870
00-13-a2-00-40-98-98-4f,0,113
30900
00-13-a2-00-40-98-98-4f,0,116
30930
00-13-a2-00-40-a1-f1-43,0,168
30960
00-13-a2-00-40-a1-f1-43,0,165
30990
00-13-a2-00-40-a1-f1-43,0,166
31020
00-13-a2-00-40-a1-f1-43,0,164
31050
00-13-a2-00-40-a1-f1-43,0,160
31080
00-13-a2-00-40-a1-f1-43,0,165
31110
00-13-a2-00-40-a1-f1-43,0,168
31140
00-13-a2-00-40-a1-f1-43,0,162
31170
00-13-a2-00-40-a1-f1-43,0,164
31200
00-13-a2-00-40-a1-f1-43,0,165
31230
00-13-a2-00-40-a1-f1-43,0,168
31260
00-13-a2-00-40-a1-f1-43,0,165
31290
00-13-a2-00-40-a1-f1-43,0,164
31320
00-13-a2-00-40-a1-f1-43,0,164
31350
00-13-a2-00-40-a1-f1-43,0,167
31380
00-13-a2-00-40-a1-f1-43,0,166
31410
00-13-a2-00-40-a1-f1-43,0,164
31440
00-13-a2-00-40-a1-f1-43,0,167
31470
00-13-a2-00-40-a1-f1-43,0,167
31500
00-13-a2-00-40-a1-f1-43,0,164
31530
00-13-a2-00-40-a1-f1-43,0,165
31560
00-13-a2-00-40-a1-f1-43,0,165
31590
00-13-a2-00-40-a1-f1-43,0,167
31620
00-13-a2-00-40-a1-f1-43,0,169
31650
00-13-a2-00-40-a1-f1-43,0,167
31680
00-13-a2-00-40-a1-f1-43,0,162
31710
00-13-a2-00-40-a1-f1-43,0,161
31740
00-13-a2-00-40-a1-f1-43,0,164
31770
00-13-a2-00-40-a1-f1-43,0,165
31800
00-13-a2-00-40-a1-f1-43,0,166
31830
00-13-a2-00-40-a1-f1-43,0,165
31860
00-13-a2-00-40-a1-f1-43,0,165
31890
00-13-a2-00-40-a1-f1-43,0,165
31920
00-13-a2-00-40-a1-f1-43,0,167
31950
00-13-a2-00-40-a1-f1-43,0,164
31980
00-13-a2-00-40-a1-f1-43,0,167
32010
00-13-a2-00-40-a1-f1-43,0,165
32040
00-13-a2-00-40-a1-f1-43,0,164
32070
00-13-a2-00-40-a1-f1-43,0,167
32100
00-13-a2-00-40-a1-f1-43,0,166
32130
00-13-a2-00-40-a1-f1-43,0,164
32160
00-13-a2-00-40-a1-f1-43,0,164
32190
00-13-a2-00-40-a1-f1-43,0,165
32220
00-13-a2-00-40-a1-f1-43,0,163
32250
00-13-a2-00-40-a1-f1-43,0,167
32280
00-13-a2-00-40-a1-f1-43,0,166
32310
00-13-a2-00-40-a1-f1-43,0,168
32340
00-13-a2-00-40-a1-ee-d3,0,106
32370
00-13-a2-00-40-a1-ee-d3,0,103
32400
00-13-a2-00-40-a1-f1-43,0,166
32430
00-13-a2-00-40-a1-ee-d3,0,98
32460
00-13-a2-00-40-a1-ee-d3,0,106
32490
00-13-a2-00-40-a1-ee-d3,0,103
32520
00-13-a2-00-40-a1-ee-d3,0,100
32550
00-13-a2-00-40-a1-ee-d3,0,107
32580
00-13-a2-00-40-a1-ee-d3,0,106
32610
00-13-a2-00-40-a1-ee-d3,0,105
32640
00-13-a2-00-40-a1-ee-d3,0,105
32670
00-13-a2-00-40-a1-ee-d3,0,101
32700
00-13-a2-00-40-a1-ee-d3,0,105
32730
00-13-a2-00-40-a1-ee-d3,0,116
32760
00-13-a2-00-40-a1-ee-d3,0,102
32790
00-13-a2-00-40-a1-ee-d3,0,106
32820
00-13-a2-00-40-a1-ee-d3,0,102
32850
00-13-a2-00-40-a1-ee-d3,0,102
32880
00-13-a2-00-40-a1-ee-d3,0,105
32910
00-13-a2-00-40-a1-ee-d3,0,108
32940
00-13-a2-00-40-a1-ee-d3,0,105
32970
00-13-a2-00-40-a1-ee-d3,0,106
33000
00-13-a2-00-40-a1-ee-d3,0,105
33030
00-13-a2-00-40-a1-ee-d3,0,101
33060
00-13-a2-00-40-a1-ee-d3,0,99
33090
00-13-a2-00-40-a1-ee-d3,0,104
33120
00-13-a2-00-40-a1-ee-d3,0,108
33150
00-13-a2-00-40-a1-ee-d3,0,104
33180
00-13-a2-00-40-a1-ee-d3,0,107
33210
00-13-a2-00-40-a1-ee-d3,0,102
33240
00-13-a2-00-40-a1-ee-d3,0,102
33270
00-13-a2-00-40-a1-ee-d3,0,105
33300
00-13-a2-00-40-a1-ee-d3,0,104
33330
00-13-a2-00-40-a1-ee-d3,0,109
33360
00-13-a2-00-40-a1-ee-d3,0,108
33390
00-13-a2-00-40-a1-ee-d3,0,105
33420
00-13-a2-00-40-a1-ee-d3,0,100
33450
00-13-a2-00-40-a1-ee-d3,0,118
33480
00-13-a2-00-40-a1-ee-d3,0,107
33510
00-13-a2-00-40-a1-ee-d3,0,107
33540
00-13-a2-00-40-a1-ee-d3,0,101
33570
00-13-a2-00-40-a1-ee-d3,0,109
33600
00-13-a2-00-40-a1-ee-d3,0,104
33630
00-13-a2-00-40-a1-ee-d3,0,104
33660
00-13-a2-00-40-a1-ee-d3,0,102
33690
00-13-a2-00-40-a1-ee-d3,0,103
33720
00-13-a2-00-40-a1-ee-d3,0,103
33750
00-13-a2-00-40-a1-ee-d3,0,103
33780
00-13-a2-00-40-a1-ee-d3,0,105
33810
00-13-a2-00-40-a1-ee-d3,0,112
33840
00-13-a2-00-40-a1-ee-d3,0,98
33870
00-13-a2-00-40-a1-ee-d3,0,107
33900
00-13-a2-00-40-a1-ee-d3,0,115
33930
00-13-a2-00-40-a1-ee-d3,0,103
33960
00-13-a2-00-40-a1-ee-d3,0,104
33990
00-13-a2-00-40-a1-ee-d3,0,103
34020
00-13-a2-00-40-a1-ee-d3,0,104
34050
00-13-a2-00-40-a1-ee-d3,0,100
34080
00-13-a2-00-40-a1-ee-d3,0,104
34110
00-13-a2-00-40-a1-ee-d3,0,102
34140
00-13-a2-00-40-a1-ee-d3,0,107
34170
00-13-a2-00-40-a1-ee-d3,0,100
34200
00-13-a2-00-40-a1-ee-d3,0,104
34230
00-13-a2-00-40-a1-ee-d3,0,97
34260
00-13-a2-00-40-a1-ee-d3,0,104
34290
00-13-a2-00-40-a1-ee-d3,0,103
34320
00-13-a2-00-40-a1-ee-d3,0,103
34350
00-13-a2-00-40-a1-ee-d3,0,101
34380
00-13-a2-00-40-a1-ee-d3,0,95
34410
00-13-a2-00-40-a1-ee-d3,0,103
34440
00-13-a2-00-40-a1-ee-d3,0,105
34470
00-13-a2-00-40-a1-ee-d3,0,110
34500
00-13-a2-00-40-a1-ee-d3,0,103
34530
00-13-a2-00-40-a1-ee-d3,0,101
34560
00-13-a2-00-40-a1-ee-d3,0,106
34590
00-13-a2-00-40-a1-ee-d3,0,106
34620
00-13-a2-00-40-a1-ee-d3,0,105
34650
00-13-a2-00-40-a1-ee-d3,0,103
34680
00-13-a2-00-40-a1-ee-d3,0,107
34710
00-13-a2-00-40-a1-ee-d3,0,104
34740
00-13-a2-00-40-a1-ee-d3,0,98
34770
00-13-a2-00-40-a1-ee-d3,0,98
34800
00-13-a2-00-40-a1-ee-d3,0,105
34830
00-13-a2-00-40-a1-ee-d3,0,102
34860
00-13-a2-00-40-a1-ee-d3,0,104
34890
00-13-a2-00-40-a1-ee-d3,0,106
34920
00-13-a2-00-40-a1-ee-d3,0,103
34950
00-13-a2-00-40-a1-ee-d3,0,103
34980
00-13-a2-00-40-a1-ee-d3,0,104
35010
00-13-a2-00-40-a1-ee-d3,0,100
35040
00-13-a2-00-40-a1-ee-d3,0,104
35070
00-13-a2-00-40-a1-ee-d3,0,107
35100
00-13-a2-00-40-a1-ee-d3,0,108
35130
00-13-a2-00-40-a1-ee-d3,0,104
35160
00-13-a2-00-40-a1-ee-d3,0,103
35190
00-13-a2-00-40-a1-ee-d3,0,101
35220
00-13-a2-00-40-a1-ee-d3,0,106
35250
00-13-a2-00-40-a1-ee-d3,0,102
35280
00-13-a2-00-40-a1-ee-d3,0,104
35310
00-13-a2-00-40-a1-ee-d3,0,103
35340
00-13-a2-00-40-a1-ee-d3,0,111
35370
00-13-a2-00-40-a1-ee-d3,0,105
35400
00-13-a2-00-40-a1-ee-d3,0,104
35430
00-13-a2-00-40-a1-ee-d3,0,97
35460
00-13-a2-00-40-a1-ee-d3,0,102
35490
00-13-a2-00-40-a1-ee-d3,0,115
35520
00-13-a2-00-40-a1-ee-d3,0,104
35550
00-13-a2-00-40-a1-ee-d3,0,103
35580
00-13-a2-00-40-a1-ee-d3,0,98
35610
00-13-a2-00-40-a1-ee-d3,0,109
35640
00-13-a2-00-40-a1-ee-d3,0,105
35670
00-13-a2-00-40-a1-ee-d3,0,102
35700
00-13-a2-00-40-a1-ee-d3,0,103
35730
00-13-a2-00-40-a1-ee-d3,0,98
35760
00-13-a2-00-40-a1-ee-d3,0,105
35790
00-13-a2-00-40-a1-ee-d3,0,107
35820
00-13-a2-00-40-98-98-4f,0,116
35850
00-13-a2-00-40-98-98-4f,0,120
35880
00-13-a2-00-40-98-98-4f,0,115
35910
00-13-a2-00-40-98-98-4f,0,116
35940
00-13-a2-00-40-98-98-4f,0,114
35970
00-13-a2-00-40-98-98-4f,0,114
36000
00-13-a2-00-40-98-98-4f,0,115
36030
00-13-a2-00-40-98-98-4f,0,113
36060
00-13-a2-00-40-98-98-4f,0,111
36090
00-13-a2-00-40-98-98-4f,0,113
36120
00-13-a2-00-40-98-98-4f,0,116
36150
00-13-a2-00-40-98-98-4f,0,115
36180
00-13-a2-00-40-98-98-4f,0,116
36210
00-13-a2-00-40-98-98-4f,0,116
36240
00-13-a2-00-40-98-98-4f,0,114
36270
00-13-a2-00-40-98-98-4f,0,109
36300
00-13-a2-00-40-98-98-4f,0,115
36330
00-13-a2-00-40-98-98-4f,0,113
36360
00-13-a2-00-40-98-98-4f,0,115
36390
00-13-a2-00-40-98-98-4f,0,114
36420
00-13-a2-00-40-98-98-4f,0,115
36450
00-13-a2-00-40-98-98-4f,0,113
36480
00-13-a2-00-40-98-98-4f,0,114
36510
00-13-a2-00-40-98-98-4f,0,114
36540
00-13-a2-00-40-98-98-4f,0,114
36570
00-13-a2-00-40-98-98-4f,0,115
36600
00-13-a2-00-40-98-98-4f,0,115
36630
00-13-a2-00-40-98-98-4f,0,117
36660
00-13-a2-00-40-98-98-4f,0,112
36690
00-13-a2-00-40-98-98-4f,0,114
36720
00-13-a2-00-40-98-98-4f,0,115
36750
00-13-a2-00-40-98-98-4f,0,114
36780
00-13-a2-00-40-98-98-4f,0,116
36810
00-13-a2-00-40-98-98-4f,0,111
36840
00-13-a2-00-40-98-98-4f,0,115
36870
00-13-a2-00-40-98-98-4f,0,113
36900
00-13-a2-00-40-98-98-4f,0,116
36930
00-13-a2-00-40-98-98-4f,0,108
36960
00-13-a2-00-40-98-98-4f,0,116
36990
00-13-a2-00-40-98-98-4f,0,117
37020
00-13-a2-00-40-98-98-4f,0,114
37050
00-13-a2-00-40-98-98-4f,0,115
37080
00-13-a2-00-40-98-98-4f,0,113
37110
00-13-a2-00-40-98-98-4f,0,115
37140
00-13-a2-00-40-98-98-4f,0,113
37170
00-13-a2-00-40-98-98-4f,0,111
37200
00-13-a2-00-40-98-98-4f,0,117
37230
00-13-a2-00-40-98-98-4f,0,115
37260
00-13-a2-00-40-98-98-4f,0,115
37290
00-13-a2-00-40-98-98-4f,0,114
37320
00-13-a2-00-40-98-98-4f,0,111
37350
00-13-a2-00-40-98-98-4f,0,114
37380
00-13-a2-00-40-98-98-4f,0,113
37410
00-13-a2-00-40-98-98-4f,0,114
37440
00-13-a2-00-40-98-98-4f,0,116
37470
00-13-a2-00-40-98-98-4f,0,112
37500
00-13-a2-00-40-98-98-4f,0,116
37530
00-13-a2-00-40-98-98-4f,0,114
37560
00-13-a2-00-40-98-98-4f,0,116
37590
00-13-a2-00-40-98-98-4f,0,115
37620
00-13-a2-00-40-98-98-4f,0,115
37650
00-13-a2-00-40-98-98-4f,0,115
37680
00-13-a2-00-40-98-98-4f,0,113
37710
00-13-a2-00-40-98-98-4f,0,114
37740
00-13-a2-00-40-98-98-4f,0,116
37770
00-13-a2-00-40-98-98-4f,0,120
37800
00-13-a2-00-40-98-98-4f,0,114
37830
00-13-a2-00-40-98-98-4f,0,113
37860
00-13-a2-00-40-98-98-4f,0,114
37890
00-13-a2-00-40-98-98-4f,0,117
37920
00-13-a2-00-40-98-98-4f,0,114
37950
00-13-a2-00-40-98-98-4f,0,113
37980
00-13-a2-00-40-98-98-4f,0,113
38010
00-13-a2-00-40-98-98-4f,0,113
38040
00-13-a2-00-40-98-98-4f,0,113
38070
00-13-a2-00-40-98-98-4f,0,113
38100
00-13-a2-00-40-98-98-4f,0,114
38130
00-13-a2-00-40-98-98-4f,0,120
38160
00-13-a2-00-40-98-98-4f,0,113
38190
00-13-a2-00-40-98-98-4f,0,109
38220
00-13-a2-00-40-98-98-4f,0,112
38250
00-13-a2-00-40-98-98-4f,0,114
38280
00-13-a2-00-40-98-98-4f,0,113
38310
00-13-a2-00-40-98-98-4f,0,118
38340
00-13-a2-00-40-98-98-4f,0,115
38370
00-13-a2-00-40-98-98-4f,0,114
38400
00-13-a2-00-40-98-98-4f,0,114
38430
00-13-a2-00-40-98-98-4f,0,117
38460
00-13-a2-00-40-98-98-4f,0,110
38490
00-13-a2-00-40-98-98-4f,0,116
38520
00-13-a2-00-40-98-98-4f,0,115
38550
00-13-a2-00-40-98-98-4f,0,114
38580
00-13-a2-00-40-98-98-4f,0,114
38610
00-13-a2-00-40-a1-f1-43,0,167
38640
00-13-a2-00-40-a1-f1-43,0,170
38670
00-13-a2-00-40-a1-f1-43,0,164
38700
00-13-a2-00-40-a1-f1-43,0,171
38730
00-13-a2-00-40-a1-f1-43,0,166
38760
00-13-a2-00-40-a1-f1-43,0,161
38790
00-13-a2-00-40-a1-f1-43,0,167
38820
00-13-a2-00-40-a1-f1-43,0,165
38850
00-13-a2-00-40-a1-f1-43,0,164
38880
00-13-a2-00-40-a1-f1-43,0,165
38910
00-13-a2-00-40-a1-f1-43,0,164
38940
00-13-a2-00-40-a1-f1-43,0,166
38970
00-13-a2-00-40-a1-f1-43,0,166
39000
00-13-a2-00-40-a1-f1-43,0,167
39030
00-13-a2-00-40-a1-f1-43,0,167
39060
00-13-a2-00-40-a1-f1-43,0,168
39090
00-13-a2-00-40-a1-f1-43,0,164
39120
00-13-a2-00-40-a1-f1-43,0,163
39150
00-13-a2-00-40-a1-f1-43,0,164
39180
00-13-a2-00-40-a1-f1-43,0,164
39210
00-13-a2-00-40-a1-f1-43,0,164
39240
00-13-a2-00-40-a1-f1-43,0,162
39270
00-13-a2-00-40-a1-f1-43,0,165
39300
00-13-a2-00-40-a1-f1-43,0,164
39330
00-13-a2-00-40-a1-f1-43,0,164
39360
00-13-a2-00-40-a1-f1-43,0,164
39390
00-13-a2-00-40-a1-f1-43,0,163
39420
00-13-a2-00-40-a1-f1-43,0,166
39450
00-13-a2-00-40-a1-f1-43,0,166
39480
00-13-a2-00-40-a1-f1-43,0,163
39510
00-13-a2-00-40-a1-f1-43,0,166
39540
00-13-a2-00-40-a1-f1-43,0,168
39570
00-13-a2-00-40-a1-f1-43,0,166
39600
00-13-a2-00-40-a1-f1-43,0,164
39630
00-13-a2-00-40-a1-f1-43,0,165
39660
00-13-a2-00-40-a1-f1-43,0,167
39690
00-13-a2-00-40-a1-f1-43,0,166
39720
00-13-a2-00-40-a1-f1-43,0,168
39750
00-13-a2-00-40-a1-f1-43,0,166
39780
00-13-a2-00-40-a1-f1-43,0,166
39810
00-13-a2-00-40-a1-f1-43,0,164
39840
00-13-a2-00-40-a1-f1-43,0,170
39870
00-13-a2-00-40-a1-f1-43,0,163
39900
00-13-a2-00-40-a1-f1-43,0,166
39930
00-13-a2-00-40-a1-f1-43,0,168
39960
00-13-a2-00-40-a1-f1-43,0,165
39990
00-13-a2-00-40-a1-f1-43,0,167
40020
00-13-a2-00-40-a1-f1-43,0,166
40050
00-13-a2-00-40-a1-f1-43,0,165
40080
00-13-a2-00-40-a1-f1-43,0,164
40110
00-13-a2-00-40-a1-f1-43,0,166
40140
00-13-a2-00-40-a1-f1-43,0,166
40170
00-13-a2-00-40-a1-f1-43,0,166
40200
00-13-a2-00-40-a1-f1-43,0,166
40230
00-13-a2-00-40-a1-f1-43,0,165
40260
00-13-a2-00-40-a1-f1-43,0,165
40290
00-13-a2-00-40-a1-f1-43,0,164
40320
00-13-a2-00-40-a1-f1-43,0,165
40350
00-13-a2-00-40-a1-f1-43,0,165
40380
00-13-a2-00-40-a1-f1-43,0,166
40410
00-13-a2-00-40-a1-f1-43,0,167
40440
00-13-a2-00-40-a1-f1-43,0,165
40470
00-13-a2-00-40-a1-f1-43,0,166
40500
00-13-a2-00-40-a1-f1-43,0,167
40530
00-13-a2-00-40-a1-f1-43,0,166
40560
00-13-a2-00-40-a1-f1-43,0,164
40590
00-13-a2-00-40-a1-f1-43,0,166
40620
00-13-a2-00-40-a1-f1-43,0,164
40650
00-13-a2-00-40-a1-f1-43,0,165
40680
00-13-a2-00-40-a1-f1-43,0,163
40710
00-13-a2-00-40-a1-f1-43,0,167
40740
00-13-a2-00-40-a1-f1-43,0,164
40770
00-13-a2-00-40-a1-f1-43,0,165
40800
00-13-a2-00-40-a1-f1-43,0,164
40830
00-13-a2-00-40-a1-f1-43,0,164
40860
00-13-a2-00-40-a1-f1-43,0,167
40890
00-13-a2-00-40-a1-f1-43,0,164
40920
00-13-a2-00-40-a1-f1-43,0,164
40950
00-13-a2-00-40-a1-f1-43,0,163
40980
00-13-a2-00-40-a1-f1-43,0,166
41010
00-13-a2-00-40-a1-f1-43,0,164
41040
00-13-a2-00-40-a1-f1-43,0,165
41070
00-13-a2-00-40-a1-f1-43,0,167
41100
00-13-a2-00-40-a1-f1-43,0,165
41130
00-13-a2-00-40-a1-f1-43,0,166
41160
00-13-a2-00-40-a1-f1-43,0,165
41190
00-13-a2-00-40-a1-f1-43,0,167
41220
00-13-a2-00-40-a1-f1-43,0,165
41250
00-13-a2-00-40-a1-f1-43,0,164
41280
00-13-a2-00-40-a1-f1-43,0,169
41310
00-13-a2-00-40-a1-f1-43,0,163
41340
00-13-a2-00-40-a1-f1-43,0,166
41370
00-13-a2-00-40-a1-f1-43,0,169
41400
00-13-a2-00-40-a1-f1-43,0,170
41430
00-13-a2-00-40-a1-f1-43,0,165
41460
00-13-a2-00-40-a1-f1-43,0,164
41490
00-13-a2-00-40-a1-f1-43,0,165
41520
00-13-a2-00-40-a1-f1-43,0,165
41550
00-13-a2-00-40-a1-f1-43,0,165
41580
00-13-a2-00-40-a1-f1-43,0,167
41610
00-13-a2-00-40-a1-f1-43,0,164
41640
00-13-a2-00-40-a1-f1-43,0,164
41670
00-13-a2-00-40-a1-f1-43,0,166
41700
00-13-a2-00-40-a1-f1-43,0,165
41730
00-13-a2-00-40-a1-f1-43,0,166
41760
00-13-a2-00-40-a1-f1-43,0,167
41790
00-13-a2-00-40-a1-f1-43,0,163
41820
00-13-a2-00-40-a1-f1-43,0,165
41850
00-13-a2-00-40-a1-f1-43,0,165
41880
00-13-a2-00-40-a1-f1-43,0,165
41910
00-13-a2-00-40-a1-f1-43,0,166
41940
00-13-a2-00-40-a1-f1-43,0,165
41970
00-13-a2-00-40-a1-f1-43,0,163
42000
00-13-a2-00-40-a1-f1-43,0,166
42030
00-13-a2-00-40-a1-f1-43,0,169
42060
00-13-a2-00-40-a1-f1-43,0,164
42090
00-13-a2-00-40-a1-f1-43,0,164
42120
00-13-a2-00-40-a1-f1-43,0,168
42150
00-13-a2-00-40-a1-f1-43,0,168
42180
00-13-a2-00-40-a1-f1-43,0,164
42210
00-13-a2-00-40-a1-f1-43,0,164
42240
00-13-a2-00-40-a1-f1-43,0,165
42270
00-13-a2-00-40-a1-f1-43,0,165
42300
00-13-a2-00-40-98-98-4f,0,112
42330
00-13-a2-00-40-98-98-4f,0,113
42360
00-13-a2-00-40-98-98-4f,0,114
42390
00-13-a2-00-40-98-98-4f,0,113
42420
00-13-a2-00-40-98-98-4f,0,110
42450
00-13-a2-00-40-98-98-4f,0,114
42480
00-13-a2-00-40-98-98-4f,0,114
42510
00-13-a2-00-40-98-98-4f,0,119
42540
00-13-a2-00-40-98-98-4f,0,112
42570
00-13-a2-00-40-98-98-4f,0,114
42600
00-13-a2-00-40-98-98-4f,0,110
42630
00-13-a2-00-40-98-98-4f,0,114
42660
00-13-a2-00-40-98-98-4f,0,114
42690
00-13-a2-00-40-98-98-4f,0,113
42720
00-13-a2-00-40-98-98-4f,0,114
42750
00-13-a2-00-40-98-98-4f,0,116
42780
00-13-a2-00-40-98-98-4f,0,111
42810
00-13-a2-00-40-98-98-4f,0,116
42840
00-13-a2-00-40-98-98-4f,0,114
42870
00-13-a2-00-40-98-98-4f,0,117
42900
00-13-a2-00-40-98-98-4f,0,114
42930
00-13-a2-00-40-98-98-4f,0,115
42960
00-13-a2-00-40-98-98-4f,0,114
42990
00-13-a2-00-40-98-98-4f,0,116
43020
00-13-a2-00-40-98-98-4f,0,117
43050
00-13-a2-00-40-98-98-4f,0,114
43080
00-13-a2-00-40-98-98-4f,0,111
43110
00-13-a2-00-40-98-98-4f,0,111
43140
00-13-a2-00-40-98-98-4f,0,115
43170
00-13-a2-00-40-98-98-4f,0,119
43200
00-13-a2-00-40-98-98-4f,0,118
opening csv
00-13-a2-00-40-a1-f1-43
0
00-13-a2-00-40-98-98-4f
0
00-13-a2-00-40-a1-ee-d3
0
[['103']
 ['105']
 ['105']
 ..., 
 ['106']
 ['109']
 ['101']]
(14398, 1)
00-13-a2-00-40-a1-ee-d3-0
classifier made
saved 00-13-a2-00-40-a1-ee-d3-0
[['114']
 ['115']
 ['119']
 ..., 
 ['118']
 ['114']
 ['118']]
(14407, 1)
00-13-a2-00-40-98-98-4f-0
classifier made
saved 00-13-a2-00-40-98-98-4f-0
[['164']
 ['166']
 ['164']
 ..., 
 ['167']
 ['167']
 ['165']]
(14395, 1)
00-13-a2-00-40-a1-f1-43-0
classifier made
saved 00-13-a2-00-40-a1-f1-43-0
